Created by PLY version 3.11 (http://www.dabeaz.com/ply)

Grammar

Rule 0     S' -> pddl
Rule 1     pddl -> domain
Rule 2     pddl -> problem
Rule 3     domain -> LPAREN DEFINE_KEY domain_def require_def types_def predicates_def constants_def constraints_def action_def_lst RPAREN
Rule 4     domain -> LPAREN DEFINE_KEY domain_def require_def types_def predicates_def constraints_def action_def_lst RPAREN
Rule 5     domain -> LPAREN DEFINE_KEY domain_def require_def types_def predicates_def action_def_lst RPAREN
Rule 6     problem -> LPAREN DEFINE_KEY problem_def domain_def objects_def init_def goal_def RPAREN
Rule 7     domain_def -> LPAREN DOMAIN_KEY NAME RPAREN
Rule 8     problem_def -> LPAREN PROBLEM_KEY NAME RPAREN
Rule 9     objects_def -> LPAREN OBJECTS_KEY typed_constants_lst RPAREN
Rule 10    constants_def -> LPAREN CONSTANTS_KEY typed_constants_lst RPAREN
Rule 11    init_def -> LPAREN INIT_KEY LPAREN AND_KEY ground_predicates_lst RPAREN RPAREN
Rule 12    init_def -> LPAREN INIT_KEY ground_predicates_lst RPAREN
Rule 13    goal_def -> LPAREN GOAL_KEY LPAREN AND_KEY ground_predicates_lst RPAREN RPAREN
Rule 14    require_def -> LPAREN REQUIREMENTS_KEY require_key_lst RPAREN
Rule 15    require_key_lst -> require_key require_key_lst
Rule 16    require_key_lst -> require_key
Rule 17    require_key -> STRIPS_KEY
Rule 18    require_key -> EQUALITY_KEY
Rule 19    require_key -> TYPING_KEY
Rule 20    require_key -> PROBABILISTIC_EFFECTS_KEY
Rule 21    require_key -> NEGATIVE_PRECONDITIONS_KEY
Rule 22    require_key -> REWARDS_KEY
Rule 23    require_key -> DISJUNCTIVE_PRECONDITIONS_KEY
Rule 24    require_key -> CONDITIONAL_EFFECTS_KEY
Rule 25    types_def -> LPAREN TYPES_KEY names_lst RPAREN
Rule 26    predicates_def -> LPAREN PREDICATES_KEY predicate_def_lst RPAREN
Rule 27    predicate_def_lst -> predicate_def predicate_def_lst
Rule 28    predicate_def_lst -> predicate_def
Rule 29    predicate_def -> LPAREN NAME typed_variables_lst RPAREN
Rule 30    predicate_def -> LPAREN NAME RPAREN
Rule 31    constraint -> LPAREN FORALL_KEY LPAREN typed_variables_lst RPAREN LPAREN ATMOSTONCE_KEY literal RPAREN RPAREN
Rule 32    constraints_def -> LPAREN CONSTRAINTS_KEY LPAREN AND_KEY constraints_lst RPAREN RPAREN
Rule 33    constraints_def -> LPAREN CONSTRAINTS_KEY constraint RPAREN
Rule 34    constraints_lst -> constraint constraints_lst
Rule 35    constraints_lst -> constraint
Rule 36    action_def_lst -> action_def action_def_lst
Rule 37    action_def_lst -> action_def
Rule 38    action_def -> LPAREN ACTION_KEY NAME parameters_def action_def_body RPAREN
Rule 39    parameters_def -> PARAMETERS_KEY LPAREN typed_variables_lst RPAREN
Rule 40    parameters_def -> PARAMETERS_KEY LPAREN RPAREN
Rule 41    action_def_body -> precond_def effects_def
Rule 42    precond_def -> PRECONDITION_KEY LPAREN AND_KEY literals_lst RPAREN
Rule 43    precond_def -> PRECONDITION_KEY LPAREN OR_KEY literals_lst RPAREN
Rule 44    precond_def -> PRECONDITION_KEY literal
Rule 45    effects_def -> EFFECT_KEY LPAREN AND_KEY effects_lst RPAREN
Rule 46    effects_def -> EFFECT_KEY effect
Rule 47    effects_lst -> effect effects_lst
Rule 48    effects_lst -> effect
Rule 49    probability_lst -> PROBABILITY literal
Rule 50    probability_lst -> PROBABILITY literal probability_lst
Rule 51    probability_lst -> PROBABILITY LPAREN AND_KEY literals_lst RPAREN
Rule 52    probability_lst -> PROBABILITY LPAREN AND_KEY literals_lst RPAREN probability_lst
Rule 53    effect -> literal
Rule 54    effect -> LPAREN AND_KEY literals_lst RPAREN
Rule 55    effect -> LPAREN PROBABILISTIC_KEY probability_lst RPAREN
Rule 56    effect -> LPAREN WHEN_KEY literal literal RPAREN
Rule 57    effect -> LPAREN WHEN_KEY literal LPAREN PROBABILISTIC_KEY probability_lst RPAREN RPAREN
Rule 58    effect -> LPAREN WHEN_KEY LPAREN AND_KEY literals_lst RPAREN LPAREN AND_KEY literals_lst RPAREN RPAREN
Rule 59    effect -> LPAREN WHEN_KEY LPAREN AND_KEY literals_lst RPAREN LPAREN PROBABILISTIC_KEY probability_lst RPAREN RPAREN
Rule 60    literals_lst -> literal literals_lst
Rule 61    literals_lst -> literal
Rule 62    literal -> LPAREN NOT_KEY predicate RPAREN
Rule 63    literal -> predicate
Rule 64    literal -> LPAREN INCREASE REWARD REWARD_VALUE RPAREN
Rule 65    literal -> ground_predicate
Rule 66    literal -> LPAREN NOT_KEY ground_predicate RPAREN
Rule 67    ground_predicates_lst -> ground_predicate ground_predicates_lst
Rule 68    ground_predicates_lst -> ground_predicate
Rule 69    predicate -> LPAREN NAME variables_lst RPAREN
Rule 70    predicate -> LPAREN EQUALS VARIABLE VARIABLE RPAREN
Rule 71    predicate -> LPAREN NAME RPAREN
Rule 72    reward -> LPAREN INCREASE REWARD REWARD_VALUE RPAREN
Rule 73    ground_predicate -> LPAREN NAME constants_lst RPAREN
Rule 74    ground_predicate -> LPAREN NAME RPAREN
Rule 75    typed_constants_lst -> constants_lst HYPHEN type typed_constants_lst
Rule 76    typed_constants_lst -> constants_lst HYPHEN type
Rule 77    typed_variables_lst -> variables_lst HYPHEN type typed_variables_lst
Rule 78    typed_variables_lst -> variables_lst HYPHEN type
Rule 79    constants_lst -> constant constants_lst
Rule 80    constants_lst -> constant
Rule 81    variables_lst -> VARIABLE variables_lst
Rule 82    variables_lst -> VARIABLE
Rule 83    names_lst -> NAME names_lst
Rule 84    names_lst -> NAME
Rule 85    type -> NAME
Rule 86    constant -> NAME

Terminals, with rules where they appear

ACTION_KEY           : 38
AND_KEY              : 11 13 32 42 45 51 52 54 58 58 59
ATMOSTONCE_KEY       : 31
CONDITIONAL_EFFECTS_KEY : 24
CONSTANTS_KEY        : 10
CONSTRAINTS_KEY      : 32 33
DEFINE_KEY           : 3 4 5 6
DISJUNCTIVE_PRECONDITIONS_KEY : 23
DOMAIN_KEY           : 7
EFFECT_KEY           : 45 46
EQUALITY_KEY         : 18
EQUALS               : 70
FORALL_KEY           : 31
GOAL_KEY             : 13
HYPHEN               : 75 76 77 78
INCREASE             : 64 72
INIT_KEY             : 11 12
LPAREN               : 3 4 5 6 7 8 9 10 11 11 12 13 13 14 25 26 29 30 31 31 31 32 32 33 38 39 40 42 43 45 51 52 54 55 56 57 57 58 58 58 59 59 59 62 64 66 69 70 71 72 73 74
NAME                 : 7 8 29 30 38 69 71 73 74 83 84 85 86
NEGATIVE_PRECONDITIONS_KEY : 21
NOT_KEY              : 62 66
OBJECTS_KEY          : 9
OR_KEY               : 43
PARAMETERS_KEY       : 39 40
PRECONDITION_KEY     : 42 43 44
PREDICATES_KEY       : 26
PROBABILISTIC_EFFECTS_KEY : 20
PROBABILISTIC_KEY    : 55 57 59
PROBABILITY          : 49 50 51 52
PROBLEM_KEY          : 8
REQUIREMENTS_KEY     : 14
REWARD               : 64 72
REWARDS_KEY          : 22
REWARD_VALUE         : 64 72
RPAREN               : 3 4 5 6 7 8 9 10 11 11 12 13 13 14 25 26 29 30 31 31 31 32 32 33 38 39 40 42 43 45 51 52 54 55 56 57 57 58 58 58 59 59 59 62 64 66 69 70 71 72 73 74
STRIPS_KEY           : 17
TYPES_KEY            : 25
TYPING_KEY           : 19
VARIABLE             : 70 70 81 82
WHEN_KEY             : 56 57 58 59
error                : 

Nonterminals, with rules where they appear

action_def           : 36 37
action_def_body      : 38
action_def_lst       : 3 4 5 36
constant             : 79 80
constants_def        : 3
constants_lst        : 73 75 76 79
constraint           : 33 34 35
constraints_def      : 3 4
constraints_lst      : 32 34
domain               : 1
domain_def           : 3 4 5 6
effect               : 46 47 48
effects_def          : 41
effects_lst          : 45 47
goal_def             : 6
ground_predicate     : 65 66 67 68
ground_predicates_lst : 11 12 13 67
init_def             : 6
literal              : 31 44 49 50 53 56 56 57 60 61
literals_lst         : 42 43 51 52 54 58 58 59 60
names_lst            : 25 83
objects_def          : 6
parameters_def       : 38
pddl                 : 0
precond_def          : 41
predicate            : 62 63
predicate_def        : 27 28
predicate_def_lst    : 26 27
predicates_def       : 3 4 5
probability_lst      : 50 52 55 57 59
problem              : 2
problem_def          : 6
require_def          : 3 4 5
require_key          : 15 16
require_key_lst      : 14 15
reward               : 
type                 : 75 76 77 78
typed_constants_lst  : 9 10 75
typed_variables_lst  : 29 31 39 77
types_def            : 3 4 5
variables_lst        : 69 77 78 81

Parsing method: LALR

state 0

    (0) S' -> . pddl
    (1) pddl -> . domain
    (2) pddl -> . problem
    (3) domain -> . LPAREN DEFINE_KEY domain_def require_def types_def predicates_def constants_def constraints_def action_def_lst RPAREN
    (4) domain -> . LPAREN DEFINE_KEY domain_def require_def types_def predicates_def constraints_def action_def_lst RPAREN
    (5) domain -> . LPAREN DEFINE_KEY domain_def require_def types_def predicates_def action_def_lst RPAREN
    (6) problem -> . LPAREN DEFINE_KEY problem_def domain_def objects_def init_def goal_def RPAREN

    LPAREN          shift and go to state 4

    pddl                           shift and go to state 1
    domain                         shift and go to state 2
    problem                        shift and go to state 3

state 1

    (0) S' -> pddl .



state 2

    (1) pddl -> domain .

    $end            reduce using rule 1 (pddl -> domain .)


state 3

    (2) pddl -> problem .

    $end            reduce using rule 2 (pddl -> problem .)


state 4

    (3) domain -> LPAREN . DEFINE_KEY domain_def require_def types_def predicates_def constants_def constraints_def action_def_lst RPAREN
    (4) domain -> LPAREN . DEFINE_KEY domain_def require_def types_def predicates_def constraints_def action_def_lst RPAREN
    (5) domain -> LPAREN . DEFINE_KEY domain_def require_def types_def predicates_def action_def_lst RPAREN
    (6) problem -> LPAREN . DEFINE_KEY problem_def domain_def objects_def init_def goal_def RPAREN

    DEFINE_KEY      shift and go to state 5


state 5

    (3) domain -> LPAREN DEFINE_KEY . domain_def require_def types_def predicates_def constants_def constraints_def action_def_lst RPAREN
    (4) domain -> LPAREN DEFINE_KEY . domain_def require_def types_def predicates_def constraints_def action_def_lst RPAREN
    (5) domain -> LPAREN DEFINE_KEY . domain_def require_def types_def predicates_def action_def_lst RPAREN
    (6) problem -> LPAREN DEFINE_KEY . problem_def domain_def objects_def init_def goal_def RPAREN
    (7) domain_def -> . LPAREN DOMAIN_KEY NAME RPAREN
    (8) problem_def -> . LPAREN PROBLEM_KEY NAME RPAREN

    LPAREN          shift and go to state 6

    domain_def                     shift and go to state 7
    problem_def                    shift and go to state 8

state 6

    (7) domain_def -> LPAREN . DOMAIN_KEY NAME RPAREN
    (8) problem_def -> LPAREN . PROBLEM_KEY NAME RPAREN

    DOMAIN_KEY      shift and go to state 9
    PROBLEM_KEY     shift and go to state 10


state 7

    (3) domain -> LPAREN DEFINE_KEY domain_def . require_def types_def predicates_def constants_def constraints_def action_def_lst RPAREN
    (4) domain -> LPAREN DEFINE_KEY domain_def . require_def types_def predicates_def constraints_def action_def_lst RPAREN
    (5) domain -> LPAREN DEFINE_KEY domain_def . require_def types_def predicates_def action_def_lst RPAREN
    (14) require_def -> . LPAREN REQUIREMENTS_KEY require_key_lst RPAREN

    LPAREN          shift and go to state 11

    require_def                    shift and go to state 12

state 8

    (6) problem -> LPAREN DEFINE_KEY problem_def . domain_def objects_def init_def goal_def RPAREN
    (7) domain_def -> . LPAREN DOMAIN_KEY NAME RPAREN

    LPAREN          shift and go to state 13

    domain_def                     shift and go to state 14

state 9

    (7) domain_def -> LPAREN DOMAIN_KEY . NAME RPAREN

    NAME            shift and go to state 15


state 10

    (8) problem_def -> LPAREN PROBLEM_KEY . NAME RPAREN

    NAME            shift and go to state 16


state 11

    (14) require_def -> LPAREN . REQUIREMENTS_KEY require_key_lst RPAREN

    REQUIREMENTS_KEY shift and go to state 17


state 12

    (3) domain -> LPAREN DEFINE_KEY domain_def require_def . types_def predicates_def constants_def constraints_def action_def_lst RPAREN
    (4) domain -> LPAREN DEFINE_KEY domain_def require_def . types_def predicates_def constraints_def action_def_lst RPAREN
    (5) domain -> LPAREN DEFINE_KEY domain_def require_def . types_def predicates_def action_def_lst RPAREN
    (25) types_def -> . LPAREN TYPES_KEY names_lst RPAREN

    LPAREN          shift and go to state 18

    types_def                      shift and go to state 19

state 13

    (7) domain_def -> LPAREN . DOMAIN_KEY NAME RPAREN

    DOMAIN_KEY      shift and go to state 9


state 14

    (6) problem -> LPAREN DEFINE_KEY problem_def domain_def . objects_def init_def goal_def RPAREN
    (9) objects_def -> . LPAREN OBJECTS_KEY typed_constants_lst RPAREN

    LPAREN          shift and go to state 20

    objects_def                    shift and go to state 21

state 15

    (7) domain_def -> LPAREN DOMAIN_KEY NAME . RPAREN

    RPAREN          shift and go to state 22


state 16

    (8) problem_def -> LPAREN PROBLEM_KEY NAME . RPAREN

    RPAREN          shift and go to state 23


state 17

    (14) require_def -> LPAREN REQUIREMENTS_KEY . require_key_lst RPAREN
    (15) require_key_lst -> . require_key require_key_lst
    (16) require_key_lst -> . require_key
    (17) require_key -> . STRIPS_KEY
    (18) require_key -> . EQUALITY_KEY
    (19) require_key -> . TYPING_KEY
    (20) require_key -> . PROBABILISTIC_EFFECTS_KEY
    (21) require_key -> . NEGATIVE_PRECONDITIONS_KEY
    (22) require_key -> . REWARDS_KEY
    (23) require_key -> . DISJUNCTIVE_PRECONDITIONS_KEY
    (24) require_key -> . CONDITIONAL_EFFECTS_KEY

    STRIPS_KEY      shift and go to state 26
    EQUALITY_KEY    shift and go to state 27
    TYPING_KEY      shift and go to state 28
    PROBABILISTIC_EFFECTS_KEY shift and go to state 29
    NEGATIVE_PRECONDITIONS_KEY shift and go to state 30
    REWARDS_KEY     shift and go to state 31
    DISJUNCTIVE_PRECONDITIONS_KEY shift and go to state 32
    CONDITIONAL_EFFECTS_KEY shift and go to state 33

    require_key_lst                shift and go to state 24
    require_key                    shift and go to state 25

state 18

    (25) types_def -> LPAREN . TYPES_KEY names_lst RPAREN

    TYPES_KEY       shift and go to state 34


state 19

    (3) domain -> LPAREN DEFINE_KEY domain_def require_def types_def . predicates_def constants_def constraints_def action_def_lst RPAREN
    (4) domain -> LPAREN DEFINE_KEY domain_def require_def types_def . predicates_def constraints_def action_def_lst RPAREN
    (5) domain -> LPAREN DEFINE_KEY domain_def require_def types_def . predicates_def action_def_lst RPAREN
    (26) predicates_def -> . LPAREN PREDICATES_KEY predicate_def_lst RPAREN

    LPAREN          shift and go to state 35

    predicates_def                 shift and go to state 36

state 20

    (9) objects_def -> LPAREN . OBJECTS_KEY typed_constants_lst RPAREN

    OBJECTS_KEY     shift and go to state 37


state 21

    (6) problem -> LPAREN DEFINE_KEY problem_def domain_def objects_def . init_def goal_def RPAREN
    (11) init_def -> . LPAREN INIT_KEY LPAREN AND_KEY ground_predicates_lst RPAREN RPAREN
    (12) init_def -> . LPAREN INIT_KEY ground_predicates_lst RPAREN

    LPAREN          shift and go to state 38

    init_def                       shift and go to state 39

state 22

    (7) domain_def -> LPAREN DOMAIN_KEY NAME RPAREN .

    LPAREN          reduce using rule 7 (domain_def -> LPAREN DOMAIN_KEY NAME RPAREN .)


state 23

    (8) problem_def -> LPAREN PROBLEM_KEY NAME RPAREN .

    LPAREN          reduce using rule 8 (problem_def -> LPAREN PROBLEM_KEY NAME RPAREN .)


state 24

    (14) require_def -> LPAREN REQUIREMENTS_KEY require_key_lst . RPAREN

    RPAREN          shift and go to state 40


state 25

    (15) require_key_lst -> require_key . require_key_lst
    (16) require_key_lst -> require_key .
    (15) require_key_lst -> . require_key require_key_lst
    (16) require_key_lst -> . require_key
    (17) require_key -> . STRIPS_KEY
    (18) require_key -> . EQUALITY_KEY
    (19) require_key -> . TYPING_KEY
    (20) require_key -> . PROBABILISTIC_EFFECTS_KEY
    (21) require_key -> . NEGATIVE_PRECONDITIONS_KEY
    (22) require_key -> . REWARDS_KEY
    (23) require_key -> . DISJUNCTIVE_PRECONDITIONS_KEY
    (24) require_key -> . CONDITIONAL_EFFECTS_KEY

    RPAREN          reduce using rule 16 (require_key_lst -> require_key .)
    STRIPS_KEY      shift and go to state 26
    EQUALITY_KEY    shift and go to state 27
    TYPING_KEY      shift and go to state 28
    PROBABILISTIC_EFFECTS_KEY shift and go to state 29
    NEGATIVE_PRECONDITIONS_KEY shift and go to state 30
    REWARDS_KEY     shift and go to state 31
    DISJUNCTIVE_PRECONDITIONS_KEY shift and go to state 32
    CONDITIONAL_EFFECTS_KEY shift and go to state 33

    require_key                    shift and go to state 25
    require_key_lst                shift and go to state 41

state 26

    (17) require_key -> STRIPS_KEY .

    STRIPS_KEY      reduce using rule 17 (require_key -> STRIPS_KEY .)
    EQUALITY_KEY    reduce using rule 17 (require_key -> STRIPS_KEY .)
    TYPING_KEY      reduce using rule 17 (require_key -> STRIPS_KEY .)
    PROBABILISTIC_EFFECTS_KEY reduce using rule 17 (require_key -> STRIPS_KEY .)
    NEGATIVE_PRECONDITIONS_KEY reduce using rule 17 (require_key -> STRIPS_KEY .)
    REWARDS_KEY     reduce using rule 17 (require_key -> STRIPS_KEY .)
    DISJUNCTIVE_PRECONDITIONS_KEY reduce using rule 17 (require_key -> STRIPS_KEY .)
    CONDITIONAL_EFFECTS_KEY reduce using rule 17 (require_key -> STRIPS_KEY .)
    RPAREN          reduce using rule 17 (require_key -> STRIPS_KEY .)


state 27

    (18) require_key -> EQUALITY_KEY .

    STRIPS_KEY      reduce using rule 18 (require_key -> EQUALITY_KEY .)
    EQUALITY_KEY    reduce using rule 18 (require_key -> EQUALITY_KEY .)
    TYPING_KEY      reduce using rule 18 (require_key -> EQUALITY_KEY .)
    PROBABILISTIC_EFFECTS_KEY reduce using rule 18 (require_key -> EQUALITY_KEY .)
    NEGATIVE_PRECONDITIONS_KEY reduce using rule 18 (require_key -> EQUALITY_KEY .)
    REWARDS_KEY     reduce using rule 18 (require_key -> EQUALITY_KEY .)
    DISJUNCTIVE_PRECONDITIONS_KEY reduce using rule 18 (require_key -> EQUALITY_KEY .)
    CONDITIONAL_EFFECTS_KEY reduce using rule 18 (require_key -> EQUALITY_KEY .)
    RPAREN          reduce using rule 18 (require_key -> EQUALITY_KEY .)


state 28

    (19) require_key -> TYPING_KEY .

    STRIPS_KEY      reduce using rule 19 (require_key -> TYPING_KEY .)
    EQUALITY_KEY    reduce using rule 19 (require_key -> TYPING_KEY .)
    TYPING_KEY      reduce using rule 19 (require_key -> TYPING_KEY .)
    PROBABILISTIC_EFFECTS_KEY reduce using rule 19 (require_key -> TYPING_KEY .)
    NEGATIVE_PRECONDITIONS_KEY reduce using rule 19 (require_key -> TYPING_KEY .)
    REWARDS_KEY     reduce using rule 19 (require_key -> TYPING_KEY .)
    DISJUNCTIVE_PRECONDITIONS_KEY reduce using rule 19 (require_key -> TYPING_KEY .)
    CONDITIONAL_EFFECTS_KEY reduce using rule 19 (require_key -> TYPING_KEY .)
    RPAREN          reduce using rule 19 (require_key -> TYPING_KEY .)


state 29

    (20) require_key -> PROBABILISTIC_EFFECTS_KEY .

    STRIPS_KEY      reduce using rule 20 (require_key -> PROBABILISTIC_EFFECTS_KEY .)
    EQUALITY_KEY    reduce using rule 20 (require_key -> PROBABILISTIC_EFFECTS_KEY .)
    TYPING_KEY      reduce using rule 20 (require_key -> PROBABILISTIC_EFFECTS_KEY .)
    PROBABILISTIC_EFFECTS_KEY reduce using rule 20 (require_key -> PROBABILISTIC_EFFECTS_KEY .)
    NEGATIVE_PRECONDITIONS_KEY reduce using rule 20 (require_key -> PROBABILISTIC_EFFECTS_KEY .)
    REWARDS_KEY     reduce using rule 20 (require_key -> PROBABILISTIC_EFFECTS_KEY .)
    DISJUNCTIVE_PRECONDITIONS_KEY reduce using rule 20 (require_key -> PROBABILISTIC_EFFECTS_KEY .)
    CONDITIONAL_EFFECTS_KEY reduce using rule 20 (require_key -> PROBABILISTIC_EFFECTS_KEY .)
    RPAREN          reduce using rule 20 (require_key -> PROBABILISTIC_EFFECTS_KEY .)


state 30

    (21) require_key -> NEGATIVE_PRECONDITIONS_KEY .

    STRIPS_KEY      reduce using rule 21 (require_key -> NEGATIVE_PRECONDITIONS_KEY .)
    EQUALITY_KEY    reduce using rule 21 (require_key -> NEGATIVE_PRECONDITIONS_KEY .)
    TYPING_KEY      reduce using rule 21 (require_key -> NEGATIVE_PRECONDITIONS_KEY .)
    PROBABILISTIC_EFFECTS_KEY reduce using rule 21 (require_key -> NEGATIVE_PRECONDITIONS_KEY .)
    NEGATIVE_PRECONDITIONS_KEY reduce using rule 21 (require_key -> NEGATIVE_PRECONDITIONS_KEY .)
    REWARDS_KEY     reduce using rule 21 (require_key -> NEGATIVE_PRECONDITIONS_KEY .)
    DISJUNCTIVE_PRECONDITIONS_KEY reduce using rule 21 (require_key -> NEGATIVE_PRECONDITIONS_KEY .)
    CONDITIONAL_EFFECTS_KEY reduce using rule 21 (require_key -> NEGATIVE_PRECONDITIONS_KEY .)
    RPAREN          reduce using rule 21 (require_key -> NEGATIVE_PRECONDITIONS_KEY .)


state 31

    (22) require_key -> REWARDS_KEY .

    STRIPS_KEY      reduce using rule 22 (require_key -> REWARDS_KEY .)
    EQUALITY_KEY    reduce using rule 22 (require_key -> REWARDS_KEY .)
    TYPING_KEY      reduce using rule 22 (require_key -> REWARDS_KEY .)
    PROBABILISTIC_EFFECTS_KEY reduce using rule 22 (require_key -> REWARDS_KEY .)
    NEGATIVE_PRECONDITIONS_KEY reduce using rule 22 (require_key -> REWARDS_KEY .)
    REWARDS_KEY     reduce using rule 22 (require_key -> REWARDS_KEY .)
    DISJUNCTIVE_PRECONDITIONS_KEY reduce using rule 22 (require_key -> REWARDS_KEY .)
    CONDITIONAL_EFFECTS_KEY reduce using rule 22 (require_key -> REWARDS_KEY .)
    RPAREN          reduce using rule 22 (require_key -> REWARDS_KEY .)


state 32

    (23) require_key -> DISJUNCTIVE_PRECONDITIONS_KEY .

    STRIPS_KEY      reduce using rule 23 (require_key -> DISJUNCTIVE_PRECONDITIONS_KEY .)
    EQUALITY_KEY    reduce using rule 23 (require_key -> DISJUNCTIVE_PRECONDITIONS_KEY .)
    TYPING_KEY      reduce using rule 23 (require_key -> DISJUNCTIVE_PRECONDITIONS_KEY .)
    PROBABILISTIC_EFFECTS_KEY reduce using rule 23 (require_key -> DISJUNCTIVE_PRECONDITIONS_KEY .)
    NEGATIVE_PRECONDITIONS_KEY reduce using rule 23 (require_key -> DISJUNCTIVE_PRECONDITIONS_KEY .)
    REWARDS_KEY     reduce using rule 23 (require_key -> DISJUNCTIVE_PRECONDITIONS_KEY .)
    DISJUNCTIVE_PRECONDITIONS_KEY reduce using rule 23 (require_key -> DISJUNCTIVE_PRECONDITIONS_KEY .)
    CONDITIONAL_EFFECTS_KEY reduce using rule 23 (require_key -> DISJUNCTIVE_PRECONDITIONS_KEY .)
    RPAREN          reduce using rule 23 (require_key -> DISJUNCTIVE_PRECONDITIONS_KEY .)


state 33

    (24) require_key -> CONDITIONAL_EFFECTS_KEY .

    STRIPS_KEY      reduce using rule 24 (require_key -> CONDITIONAL_EFFECTS_KEY .)
    EQUALITY_KEY    reduce using rule 24 (require_key -> CONDITIONAL_EFFECTS_KEY .)
    TYPING_KEY      reduce using rule 24 (require_key -> CONDITIONAL_EFFECTS_KEY .)
    PROBABILISTIC_EFFECTS_KEY reduce using rule 24 (require_key -> CONDITIONAL_EFFECTS_KEY .)
    NEGATIVE_PRECONDITIONS_KEY reduce using rule 24 (require_key -> CONDITIONAL_EFFECTS_KEY .)
    REWARDS_KEY     reduce using rule 24 (require_key -> CONDITIONAL_EFFECTS_KEY .)
    DISJUNCTIVE_PRECONDITIONS_KEY reduce using rule 24 (require_key -> CONDITIONAL_EFFECTS_KEY .)
    CONDITIONAL_EFFECTS_KEY reduce using rule 24 (require_key -> CONDITIONAL_EFFECTS_KEY .)
    RPAREN          reduce using rule 24 (require_key -> CONDITIONAL_EFFECTS_KEY .)


state 34

    (25) types_def -> LPAREN TYPES_KEY . names_lst RPAREN
    (83) names_lst -> . NAME names_lst
    (84) names_lst -> . NAME

    NAME            shift and go to state 43

    names_lst                      shift and go to state 42

state 35

    (26) predicates_def -> LPAREN . PREDICATES_KEY predicate_def_lst RPAREN

    PREDICATES_KEY  shift and go to state 44


state 36

    (3) domain -> LPAREN DEFINE_KEY domain_def require_def types_def predicates_def . constants_def constraints_def action_def_lst RPAREN
    (4) domain -> LPAREN DEFINE_KEY domain_def require_def types_def predicates_def . constraints_def action_def_lst RPAREN
    (5) domain -> LPAREN DEFINE_KEY domain_def require_def types_def predicates_def . action_def_lst RPAREN
    (10) constants_def -> . LPAREN CONSTANTS_KEY typed_constants_lst RPAREN
    (32) constraints_def -> . LPAREN CONSTRAINTS_KEY LPAREN AND_KEY constraints_lst RPAREN RPAREN
    (33) constraints_def -> . LPAREN CONSTRAINTS_KEY constraint RPAREN
    (36) action_def_lst -> . action_def action_def_lst
    (37) action_def_lst -> . action_def
    (38) action_def -> . LPAREN ACTION_KEY NAME parameters_def action_def_body RPAREN

    LPAREN          shift and go to state 45

    constants_def                  shift and go to state 46
    constraints_def                shift and go to state 47
    action_def_lst                 shift and go to state 48
    action_def                     shift and go to state 49

state 37

    (9) objects_def -> LPAREN OBJECTS_KEY . typed_constants_lst RPAREN
    (75) typed_constants_lst -> . constants_lst HYPHEN type typed_constants_lst
    (76) typed_constants_lst -> . constants_lst HYPHEN type
    (79) constants_lst -> . constant constants_lst
    (80) constants_lst -> . constant
    (86) constant -> . NAME

    NAME            shift and go to state 53

    typed_constants_lst            shift and go to state 50
    constants_lst                  shift and go to state 51
    constant                       shift and go to state 52

state 38

    (11) init_def -> LPAREN . INIT_KEY LPAREN AND_KEY ground_predicates_lst RPAREN RPAREN
    (12) init_def -> LPAREN . INIT_KEY ground_predicates_lst RPAREN

    INIT_KEY        shift and go to state 54


state 39

    (6) problem -> LPAREN DEFINE_KEY problem_def domain_def objects_def init_def . goal_def RPAREN
    (13) goal_def -> . LPAREN GOAL_KEY LPAREN AND_KEY ground_predicates_lst RPAREN RPAREN

    LPAREN          shift and go to state 55

    goal_def                       shift and go to state 56

state 40

    (14) require_def -> LPAREN REQUIREMENTS_KEY require_key_lst RPAREN .

    LPAREN          reduce using rule 14 (require_def -> LPAREN REQUIREMENTS_KEY require_key_lst RPAREN .)


state 41

    (15) require_key_lst -> require_key require_key_lst .

    RPAREN          reduce using rule 15 (require_key_lst -> require_key require_key_lst .)


state 42

    (25) types_def -> LPAREN TYPES_KEY names_lst . RPAREN

    RPAREN          shift and go to state 57


state 43

    (83) names_lst -> NAME . names_lst
    (84) names_lst -> NAME .
    (83) names_lst -> . NAME names_lst
    (84) names_lst -> . NAME

    RPAREN          reduce using rule 84 (names_lst -> NAME .)
    NAME            shift and go to state 43

    names_lst                      shift and go to state 58

state 44

    (26) predicates_def -> LPAREN PREDICATES_KEY . predicate_def_lst RPAREN
    (27) predicate_def_lst -> . predicate_def predicate_def_lst
    (28) predicate_def_lst -> . predicate_def
    (29) predicate_def -> . LPAREN NAME typed_variables_lst RPAREN
    (30) predicate_def -> . LPAREN NAME RPAREN

    LPAREN          shift and go to state 59

    predicate_def_lst              shift and go to state 60
    predicate_def                  shift and go to state 61

state 45

    (10) constants_def -> LPAREN . CONSTANTS_KEY typed_constants_lst RPAREN
    (32) constraints_def -> LPAREN . CONSTRAINTS_KEY LPAREN AND_KEY constraints_lst RPAREN RPAREN
    (33) constraints_def -> LPAREN . CONSTRAINTS_KEY constraint RPAREN
    (38) action_def -> LPAREN . ACTION_KEY NAME parameters_def action_def_body RPAREN

    CONSTANTS_KEY   shift and go to state 62
    CONSTRAINTS_KEY shift and go to state 63
    ACTION_KEY      shift and go to state 64


state 46

    (3) domain -> LPAREN DEFINE_KEY domain_def require_def types_def predicates_def constants_def . constraints_def action_def_lst RPAREN
    (32) constraints_def -> . LPAREN CONSTRAINTS_KEY LPAREN AND_KEY constraints_lst RPAREN RPAREN
    (33) constraints_def -> . LPAREN CONSTRAINTS_KEY constraint RPAREN

    LPAREN          shift and go to state 65

    constraints_def                shift and go to state 66

state 47

    (4) domain -> LPAREN DEFINE_KEY domain_def require_def types_def predicates_def constraints_def . action_def_lst RPAREN
    (36) action_def_lst -> . action_def action_def_lst
    (37) action_def_lst -> . action_def
    (38) action_def -> . LPAREN ACTION_KEY NAME parameters_def action_def_body RPAREN

    LPAREN          shift and go to state 67

    action_def_lst                 shift and go to state 68
    action_def                     shift and go to state 49

state 48

    (5) domain -> LPAREN DEFINE_KEY domain_def require_def types_def predicates_def action_def_lst . RPAREN

    RPAREN          shift and go to state 69


state 49

    (36) action_def_lst -> action_def . action_def_lst
    (37) action_def_lst -> action_def .
    (36) action_def_lst -> . action_def action_def_lst
    (37) action_def_lst -> . action_def
    (38) action_def -> . LPAREN ACTION_KEY NAME parameters_def action_def_body RPAREN

    RPAREN          reduce using rule 37 (action_def_lst -> action_def .)
    LPAREN          shift and go to state 67

    action_def                     shift and go to state 49
    action_def_lst                 shift and go to state 70

state 50

    (9) objects_def -> LPAREN OBJECTS_KEY typed_constants_lst . RPAREN

    RPAREN          shift and go to state 71


state 51

    (75) typed_constants_lst -> constants_lst . HYPHEN type typed_constants_lst
    (76) typed_constants_lst -> constants_lst . HYPHEN type

    HYPHEN          shift and go to state 72


state 52

    (79) constants_lst -> constant . constants_lst
    (80) constants_lst -> constant .
    (79) constants_lst -> . constant constants_lst
    (80) constants_lst -> . constant
    (86) constant -> . NAME

    HYPHEN          reduce using rule 80 (constants_lst -> constant .)
    RPAREN          reduce using rule 80 (constants_lst -> constant .)
    NAME            shift and go to state 53

    constant                       shift and go to state 52
    constants_lst                  shift and go to state 73

state 53

    (86) constant -> NAME .

    NAME            reduce using rule 86 (constant -> NAME .)
    HYPHEN          reduce using rule 86 (constant -> NAME .)
    RPAREN          reduce using rule 86 (constant -> NAME .)


state 54

    (11) init_def -> LPAREN INIT_KEY . LPAREN AND_KEY ground_predicates_lst RPAREN RPAREN
    (12) init_def -> LPAREN INIT_KEY . ground_predicates_lst RPAREN
    (67) ground_predicates_lst -> . ground_predicate ground_predicates_lst
    (68) ground_predicates_lst -> . ground_predicate
    (73) ground_predicate -> . LPAREN NAME constants_lst RPAREN
    (74) ground_predicate -> . LPAREN NAME RPAREN

    LPAREN          shift and go to state 74

    ground_predicates_lst          shift and go to state 75
    ground_predicate               shift and go to state 76

state 55

    (13) goal_def -> LPAREN . GOAL_KEY LPAREN AND_KEY ground_predicates_lst RPAREN RPAREN

    GOAL_KEY        shift and go to state 77


state 56

    (6) problem -> LPAREN DEFINE_KEY problem_def domain_def objects_def init_def goal_def . RPAREN

    RPAREN          shift and go to state 78


state 57

    (25) types_def -> LPAREN TYPES_KEY names_lst RPAREN .

    LPAREN          reduce using rule 25 (types_def -> LPAREN TYPES_KEY names_lst RPAREN .)


state 58

    (83) names_lst -> NAME names_lst .

    RPAREN          reduce using rule 83 (names_lst -> NAME names_lst .)


state 59

    (29) predicate_def -> LPAREN . NAME typed_variables_lst RPAREN
    (30) predicate_def -> LPAREN . NAME RPAREN

    NAME            shift and go to state 79


state 60

    (26) predicates_def -> LPAREN PREDICATES_KEY predicate_def_lst . RPAREN

    RPAREN          shift and go to state 80


state 61

    (27) predicate_def_lst -> predicate_def . predicate_def_lst
    (28) predicate_def_lst -> predicate_def .
    (27) predicate_def_lst -> . predicate_def predicate_def_lst
    (28) predicate_def_lst -> . predicate_def
    (29) predicate_def -> . LPAREN NAME typed_variables_lst RPAREN
    (30) predicate_def -> . LPAREN NAME RPAREN

    RPAREN          reduce using rule 28 (predicate_def_lst -> predicate_def .)
    LPAREN          shift and go to state 59

    predicate_def                  shift and go to state 61
    predicate_def_lst              shift and go to state 81

state 62

    (10) constants_def -> LPAREN CONSTANTS_KEY . typed_constants_lst RPAREN
    (75) typed_constants_lst -> . constants_lst HYPHEN type typed_constants_lst
    (76) typed_constants_lst -> . constants_lst HYPHEN type
    (79) constants_lst -> . constant constants_lst
    (80) constants_lst -> . constant
    (86) constant -> . NAME

    NAME            shift and go to state 53

    typed_constants_lst            shift and go to state 82
    constants_lst                  shift and go to state 51
    constant                       shift and go to state 52

state 63

    (32) constraints_def -> LPAREN CONSTRAINTS_KEY . LPAREN AND_KEY constraints_lst RPAREN RPAREN
    (33) constraints_def -> LPAREN CONSTRAINTS_KEY . constraint RPAREN
    (31) constraint -> . LPAREN FORALL_KEY LPAREN typed_variables_lst RPAREN LPAREN ATMOSTONCE_KEY literal RPAREN RPAREN

    LPAREN          shift and go to state 83

    constraint                     shift and go to state 84

state 64

    (38) action_def -> LPAREN ACTION_KEY . NAME parameters_def action_def_body RPAREN

    NAME            shift and go to state 85


state 65

    (32) constraints_def -> LPAREN . CONSTRAINTS_KEY LPAREN AND_KEY constraints_lst RPAREN RPAREN
    (33) constraints_def -> LPAREN . CONSTRAINTS_KEY constraint RPAREN

    CONSTRAINTS_KEY shift and go to state 63


state 66

    (3) domain -> LPAREN DEFINE_KEY domain_def require_def types_def predicates_def constants_def constraints_def . action_def_lst RPAREN
    (36) action_def_lst -> . action_def action_def_lst
    (37) action_def_lst -> . action_def
    (38) action_def -> . LPAREN ACTION_KEY NAME parameters_def action_def_body RPAREN

    LPAREN          shift and go to state 67

    action_def_lst                 shift and go to state 86
    action_def                     shift and go to state 49

state 67

    (38) action_def -> LPAREN . ACTION_KEY NAME parameters_def action_def_body RPAREN

    ACTION_KEY      shift and go to state 64


state 68

    (4) domain -> LPAREN DEFINE_KEY domain_def require_def types_def predicates_def constraints_def action_def_lst . RPAREN

    RPAREN          shift and go to state 87


state 69

    (5) domain -> LPAREN DEFINE_KEY domain_def require_def types_def predicates_def action_def_lst RPAREN .

    $end            reduce using rule 5 (domain -> LPAREN DEFINE_KEY domain_def require_def types_def predicates_def action_def_lst RPAREN .)


state 70

    (36) action_def_lst -> action_def action_def_lst .

    RPAREN          reduce using rule 36 (action_def_lst -> action_def action_def_lst .)


state 71

    (9) objects_def -> LPAREN OBJECTS_KEY typed_constants_lst RPAREN .

    LPAREN          reduce using rule 9 (objects_def -> LPAREN OBJECTS_KEY typed_constants_lst RPAREN .)


state 72

    (75) typed_constants_lst -> constants_lst HYPHEN . type typed_constants_lst
    (76) typed_constants_lst -> constants_lst HYPHEN . type
    (85) type -> . NAME

    NAME            shift and go to state 89

    type                           shift and go to state 88

state 73

    (79) constants_lst -> constant constants_lst .

    HYPHEN          reduce using rule 79 (constants_lst -> constant constants_lst .)
    RPAREN          reduce using rule 79 (constants_lst -> constant constants_lst .)


state 74

    (11) init_def -> LPAREN INIT_KEY LPAREN . AND_KEY ground_predicates_lst RPAREN RPAREN
    (73) ground_predicate -> LPAREN . NAME constants_lst RPAREN
    (74) ground_predicate -> LPAREN . NAME RPAREN

    AND_KEY         shift and go to state 90
    NAME            shift and go to state 91


state 75

    (12) init_def -> LPAREN INIT_KEY ground_predicates_lst . RPAREN

    RPAREN          shift and go to state 92


state 76

    (67) ground_predicates_lst -> ground_predicate . ground_predicates_lst
    (68) ground_predicates_lst -> ground_predicate .
    (67) ground_predicates_lst -> . ground_predicate ground_predicates_lst
    (68) ground_predicates_lst -> . ground_predicate
    (73) ground_predicate -> . LPAREN NAME constants_lst RPAREN
    (74) ground_predicate -> . LPAREN NAME RPAREN

    RPAREN          reduce using rule 68 (ground_predicates_lst -> ground_predicate .)
    LPAREN          shift and go to state 94

    ground_predicate               shift and go to state 76
    ground_predicates_lst          shift and go to state 93

state 77

    (13) goal_def -> LPAREN GOAL_KEY . LPAREN AND_KEY ground_predicates_lst RPAREN RPAREN

    LPAREN          shift and go to state 95


state 78

    (6) problem -> LPAREN DEFINE_KEY problem_def domain_def objects_def init_def goal_def RPAREN .

    $end            reduce using rule 6 (problem -> LPAREN DEFINE_KEY problem_def domain_def objects_def init_def goal_def RPAREN .)


state 79

    (29) predicate_def -> LPAREN NAME . typed_variables_lst RPAREN
    (30) predicate_def -> LPAREN NAME . RPAREN
    (77) typed_variables_lst -> . variables_lst HYPHEN type typed_variables_lst
    (78) typed_variables_lst -> . variables_lst HYPHEN type
    (81) variables_lst -> . VARIABLE variables_lst
    (82) variables_lst -> . VARIABLE

    RPAREN          shift and go to state 97
    VARIABLE        shift and go to state 99

    typed_variables_lst            shift and go to state 96
    variables_lst                  shift and go to state 98

state 80

    (26) predicates_def -> LPAREN PREDICATES_KEY predicate_def_lst RPAREN .

    LPAREN          reduce using rule 26 (predicates_def -> LPAREN PREDICATES_KEY predicate_def_lst RPAREN .)


state 81

    (27) predicate_def_lst -> predicate_def predicate_def_lst .

    RPAREN          reduce using rule 27 (predicate_def_lst -> predicate_def predicate_def_lst .)


state 82

    (10) constants_def -> LPAREN CONSTANTS_KEY typed_constants_lst . RPAREN

    RPAREN          shift and go to state 100


state 83

    (32) constraints_def -> LPAREN CONSTRAINTS_KEY LPAREN . AND_KEY constraints_lst RPAREN RPAREN
    (31) constraint -> LPAREN . FORALL_KEY LPAREN typed_variables_lst RPAREN LPAREN ATMOSTONCE_KEY literal RPAREN RPAREN

    AND_KEY         shift and go to state 101
    FORALL_KEY      shift and go to state 102


state 84

    (33) constraints_def -> LPAREN CONSTRAINTS_KEY constraint . RPAREN

    RPAREN          shift and go to state 103


state 85

    (38) action_def -> LPAREN ACTION_KEY NAME . parameters_def action_def_body RPAREN
    (39) parameters_def -> . PARAMETERS_KEY LPAREN typed_variables_lst RPAREN
    (40) parameters_def -> . PARAMETERS_KEY LPAREN RPAREN

    PARAMETERS_KEY  shift and go to state 105

    parameters_def                 shift and go to state 104

state 86

    (3) domain -> LPAREN DEFINE_KEY domain_def require_def types_def predicates_def constants_def constraints_def action_def_lst . RPAREN

    RPAREN          shift and go to state 106


state 87

    (4) domain -> LPAREN DEFINE_KEY domain_def require_def types_def predicates_def constraints_def action_def_lst RPAREN .

    $end            reduce using rule 4 (domain -> LPAREN DEFINE_KEY domain_def require_def types_def predicates_def constraints_def action_def_lst RPAREN .)


state 88

    (75) typed_constants_lst -> constants_lst HYPHEN type . typed_constants_lst
    (76) typed_constants_lst -> constants_lst HYPHEN type .
    (75) typed_constants_lst -> . constants_lst HYPHEN type typed_constants_lst
    (76) typed_constants_lst -> . constants_lst HYPHEN type
    (79) constants_lst -> . constant constants_lst
    (80) constants_lst -> . constant
    (86) constant -> . NAME

    RPAREN          reduce using rule 76 (typed_constants_lst -> constants_lst HYPHEN type .)
    NAME            shift and go to state 53

    constants_lst                  shift and go to state 51
    typed_constants_lst            shift and go to state 107
    constant                       shift and go to state 52

state 89

    (85) type -> NAME .

    NAME            reduce using rule 85 (type -> NAME .)
    RPAREN          reduce using rule 85 (type -> NAME .)
    VARIABLE        reduce using rule 85 (type -> NAME .)


state 90

    (11) init_def -> LPAREN INIT_KEY LPAREN AND_KEY . ground_predicates_lst RPAREN RPAREN
    (67) ground_predicates_lst -> . ground_predicate ground_predicates_lst
    (68) ground_predicates_lst -> . ground_predicate
    (73) ground_predicate -> . LPAREN NAME constants_lst RPAREN
    (74) ground_predicate -> . LPAREN NAME RPAREN

    LPAREN          shift and go to state 94

    ground_predicates_lst          shift and go to state 108
    ground_predicate               shift and go to state 76

state 91

    (73) ground_predicate -> LPAREN NAME . constants_lst RPAREN
    (74) ground_predicate -> LPAREN NAME . RPAREN
    (79) constants_lst -> . constant constants_lst
    (80) constants_lst -> . constant
    (86) constant -> . NAME

    RPAREN          shift and go to state 110
    NAME            shift and go to state 53

    constants_lst                  shift and go to state 109
    constant                       shift and go to state 52

state 92

    (12) init_def -> LPAREN INIT_KEY ground_predicates_lst RPAREN .

    LPAREN          reduce using rule 12 (init_def -> LPAREN INIT_KEY ground_predicates_lst RPAREN .)


state 93

    (67) ground_predicates_lst -> ground_predicate ground_predicates_lst .

    RPAREN          reduce using rule 67 (ground_predicates_lst -> ground_predicate ground_predicates_lst .)


state 94

    (73) ground_predicate -> LPAREN . NAME constants_lst RPAREN
    (74) ground_predicate -> LPAREN . NAME RPAREN

    NAME            shift and go to state 91


state 95

    (13) goal_def -> LPAREN GOAL_KEY LPAREN . AND_KEY ground_predicates_lst RPAREN RPAREN

    AND_KEY         shift and go to state 111


state 96

    (29) predicate_def -> LPAREN NAME typed_variables_lst . RPAREN

    RPAREN          shift and go to state 112


state 97

    (30) predicate_def -> LPAREN NAME RPAREN .

    LPAREN          reduce using rule 30 (predicate_def -> LPAREN NAME RPAREN .)
    RPAREN          reduce using rule 30 (predicate_def -> LPAREN NAME RPAREN .)


state 98

    (77) typed_variables_lst -> variables_lst . HYPHEN type typed_variables_lst
    (78) typed_variables_lst -> variables_lst . HYPHEN type

    HYPHEN          shift and go to state 113


state 99

    (81) variables_lst -> VARIABLE . variables_lst
    (82) variables_lst -> VARIABLE .
    (81) variables_lst -> . VARIABLE variables_lst
    (82) variables_lst -> . VARIABLE

    HYPHEN          reduce using rule 82 (variables_lst -> VARIABLE .)
    RPAREN          reduce using rule 82 (variables_lst -> VARIABLE .)
    VARIABLE        shift and go to state 99

    variables_lst                  shift and go to state 114

state 100

    (10) constants_def -> LPAREN CONSTANTS_KEY typed_constants_lst RPAREN .

    LPAREN          reduce using rule 10 (constants_def -> LPAREN CONSTANTS_KEY typed_constants_lst RPAREN .)


state 101

    (32) constraints_def -> LPAREN CONSTRAINTS_KEY LPAREN AND_KEY . constraints_lst RPAREN RPAREN
    (34) constraints_lst -> . constraint constraints_lst
    (35) constraints_lst -> . constraint
    (31) constraint -> . LPAREN FORALL_KEY LPAREN typed_variables_lst RPAREN LPAREN ATMOSTONCE_KEY literal RPAREN RPAREN

    LPAREN          shift and go to state 115

    constraints_lst                shift and go to state 116
    constraint                     shift and go to state 117

state 102

    (31) constraint -> LPAREN FORALL_KEY . LPAREN typed_variables_lst RPAREN LPAREN ATMOSTONCE_KEY literal RPAREN RPAREN

    LPAREN          shift and go to state 118


state 103

    (33) constraints_def -> LPAREN CONSTRAINTS_KEY constraint RPAREN .

    LPAREN          reduce using rule 33 (constraints_def -> LPAREN CONSTRAINTS_KEY constraint RPAREN .)


state 104

    (38) action_def -> LPAREN ACTION_KEY NAME parameters_def . action_def_body RPAREN
    (41) action_def_body -> . precond_def effects_def
    (42) precond_def -> . PRECONDITION_KEY LPAREN AND_KEY literals_lst RPAREN
    (43) precond_def -> . PRECONDITION_KEY LPAREN OR_KEY literals_lst RPAREN
    (44) precond_def -> . PRECONDITION_KEY literal

    PRECONDITION_KEY shift and go to state 121

    action_def_body                shift and go to state 119
    precond_def                    shift and go to state 120

state 105

    (39) parameters_def -> PARAMETERS_KEY . LPAREN typed_variables_lst RPAREN
    (40) parameters_def -> PARAMETERS_KEY . LPAREN RPAREN

    LPAREN          shift and go to state 122


state 106

    (3) domain -> LPAREN DEFINE_KEY domain_def require_def types_def predicates_def constants_def constraints_def action_def_lst RPAREN .

    $end            reduce using rule 3 (domain -> LPAREN DEFINE_KEY domain_def require_def types_def predicates_def constants_def constraints_def action_def_lst RPAREN .)


state 107

    (75) typed_constants_lst -> constants_lst HYPHEN type typed_constants_lst .

    RPAREN          reduce using rule 75 (typed_constants_lst -> constants_lst HYPHEN type typed_constants_lst .)


state 108

    (11) init_def -> LPAREN INIT_KEY LPAREN AND_KEY ground_predicates_lst . RPAREN RPAREN

    RPAREN          shift and go to state 123


state 109

    (73) ground_predicate -> LPAREN NAME constants_lst . RPAREN

    RPAREN          shift and go to state 124


state 110

    (74) ground_predicate -> LPAREN NAME RPAREN .

    LPAREN          reduce using rule 74 (ground_predicate -> LPAREN NAME RPAREN .)
    RPAREN          reduce using rule 74 (ground_predicate -> LPAREN NAME RPAREN .)


state 111

    (13) goal_def -> LPAREN GOAL_KEY LPAREN AND_KEY . ground_predicates_lst RPAREN RPAREN
    (67) ground_predicates_lst -> . ground_predicate ground_predicates_lst
    (68) ground_predicates_lst -> . ground_predicate
    (73) ground_predicate -> . LPAREN NAME constants_lst RPAREN
    (74) ground_predicate -> . LPAREN NAME RPAREN

    LPAREN          shift and go to state 94

    ground_predicates_lst          shift and go to state 125
    ground_predicate               shift and go to state 76

state 112

    (29) predicate_def -> LPAREN NAME typed_variables_lst RPAREN .

    LPAREN          reduce using rule 29 (predicate_def -> LPAREN NAME typed_variables_lst RPAREN .)
    RPAREN          reduce using rule 29 (predicate_def -> LPAREN NAME typed_variables_lst RPAREN .)


state 113

    (77) typed_variables_lst -> variables_lst HYPHEN . type typed_variables_lst
    (78) typed_variables_lst -> variables_lst HYPHEN . type
    (85) type -> . NAME

    NAME            shift and go to state 89

    type                           shift and go to state 126

state 114

    (81) variables_lst -> VARIABLE variables_lst .

    HYPHEN          reduce using rule 81 (variables_lst -> VARIABLE variables_lst .)
    RPAREN          reduce using rule 81 (variables_lst -> VARIABLE variables_lst .)


state 115

    (31) constraint -> LPAREN . FORALL_KEY LPAREN typed_variables_lst RPAREN LPAREN ATMOSTONCE_KEY literal RPAREN RPAREN

    FORALL_KEY      shift and go to state 102


state 116

    (32) constraints_def -> LPAREN CONSTRAINTS_KEY LPAREN AND_KEY constraints_lst . RPAREN RPAREN

    RPAREN          shift and go to state 127


state 117

    (34) constraints_lst -> constraint . constraints_lst
    (35) constraints_lst -> constraint .
    (34) constraints_lst -> . constraint constraints_lst
    (35) constraints_lst -> . constraint
    (31) constraint -> . LPAREN FORALL_KEY LPAREN typed_variables_lst RPAREN LPAREN ATMOSTONCE_KEY literal RPAREN RPAREN

    RPAREN          reduce using rule 35 (constraints_lst -> constraint .)
    LPAREN          shift and go to state 115

    constraint                     shift and go to state 117
    constraints_lst                shift and go to state 128

state 118

    (31) constraint -> LPAREN FORALL_KEY LPAREN . typed_variables_lst RPAREN LPAREN ATMOSTONCE_KEY literal RPAREN RPAREN
    (77) typed_variables_lst -> . variables_lst HYPHEN type typed_variables_lst
    (78) typed_variables_lst -> . variables_lst HYPHEN type
    (81) variables_lst -> . VARIABLE variables_lst
    (82) variables_lst -> . VARIABLE

    VARIABLE        shift and go to state 99

    typed_variables_lst            shift and go to state 129
    variables_lst                  shift and go to state 98

state 119

    (38) action_def -> LPAREN ACTION_KEY NAME parameters_def action_def_body . RPAREN

    RPAREN          shift and go to state 130


state 120

    (41) action_def_body -> precond_def . effects_def
    (45) effects_def -> . EFFECT_KEY LPAREN AND_KEY effects_lst RPAREN
    (46) effects_def -> . EFFECT_KEY effect

    EFFECT_KEY      shift and go to state 132

    effects_def                    shift and go to state 131

state 121

    (42) precond_def -> PRECONDITION_KEY . LPAREN AND_KEY literals_lst RPAREN
    (43) precond_def -> PRECONDITION_KEY . LPAREN OR_KEY literals_lst RPAREN
    (44) precond_def -> PRECONDITION_KEY . literal
    (62) literal -> . LPAREN NOT_KEY predicate RPAREN
    (63) literal -> . predicate
    (64) literal -> . LPAREN INCREASE REWARD REWARD_VALUE RPAREN
    (65) literal -> . ground_predicate
    (66) literal -> . LPAREN NOT_KEY ground_predicate RPAREN
    (69) predicate -> . LPAREN NAME variables_lst RPAREN
    (70) predicate -> . LPAREN EQUALS VARIABLE VARIABLE RPAREN
    (71) predicate -> . LPAREN NAME RPAREN
    (73) ground_predicate -> . LPAREN NAME constants_lst RPAREN
    (74) ground_predicate -> . LPAREN NAME RPAREN

    LPAREN          shift and go to state 133

    literal                        shift and go to state 134
    predicate                      shift and go to state 135
    ground_predicate               shift and go to state 136

state 122

    (39) parameters_def -> PARAMETERS_KEY LPAREN . typed_variables_lst RPAREN
    (40) parameters_def -> PARAMETERS_KEY LPAREN . RPAREN
    (77) typed_variables_lst -> . variables_lst HYPHEN type typed_variables_lst
    (78) typed_variables_lst -> . variables_lst HYPHEN type
    (81) variables_lst -> . VARIABLE variables_lst
    (82) variables_lst -> . VARIABLE

    RPAREN          shift and go to state 138
    VARIABLE        shift and go to state 99

    typed_variables_lst            shift and go to state 137
    variables_lst                  shift and go to state 98

state 123

    (11) init_def -> LPAREN INIT_KEY LPAREN AND_KEY ground_predicates_lst RPAREN . RPAREN

    RPAREN          shift and go to state 139


state 124

    (73) ground_predicate -> LPAREN NAME constants_lst RPAREN .

    LPAREN          reduce using rule 73 (ground_predicate -> LPAREN NAME constants_lst RPAREN .)
    RPAREN          reduce using rule 73 (ground_predicate -> LPAREN NAME constants_lst RPAREN .)
    EFFECT_KEY      reduce using rule 73 (ground_predicate -> LPAREN NAME constants_lst RPAREN .)
    PROBABILITY     reduce using rule 73 (ground_predicate -> LPAREN NAME constants_lst RPAREN .)


state 125

    (13) goal_def -> LPAREN GOAL_KEY LPAREN AND_KEY ground_predicates_lst . RPAREN RPAREN

    RPAREN          shift and go to state 140


state 126

    (77) typed_variables_lst -> variables_lst HYPHEN type . typed_variables_lst
    (78) typed_variables_lst -> variables_lst HYPHEN type .
    (77) typed_variables_lst -> . variables_lst HYPHEN type typed_variables_lst
    (78) typed_variables_lst -> . variables_lst HYPHEN type
    (81) variables_lst -> . VARIABLE variables_lst
    (82) variables_lst -> . VARIABLE

    RPAREN          reduce using rule 78 (typed_variables_lst -> variables_lst HYPHEN type .)
    VARIABLE        shift and go to state 99

    variables_lst                  shift and go to state 98
    typed_variables_lst            shift and go to state 141

state 127

    (32) constraints_def -> LPAREN CONSTRAINTS_KEY LPAREN AND_KEY constraints_lst RPAREN . RPAREN

    RPAREN          shift and go to state 142


state 128

    (34) constraints_lst -> constraint constraints_lst .

    RPAREN          reduce using rule 34 (constraints_lst -> constraint constraints_lst .)


state 129

    (31) constraint -> LPAREN FORALL_KEY LPAREN typed_variables_lst . RPAREN LPAREN ATMOSTONCE_KEY literal RPAREN RPAREN

    RPAREN          shift and go to state 143


state 130

    (38) action_def -> LPAREN ACTION_KEY NAME parameters_def action_def_body RPAREN .

    LPAREN          reduce using rule 38 (action_def -> LPAREN ACTION_KEY NAME parameters_def action_def_body RPAREN .)
    RPAREN          reduce using rule 38 (action_def -> LPAREN ACTION_KEY NAME parameters_def action_def_body RPAREN .)


state 131

    (41) action_def_body -> precond_def effects_def .

    RPAREN          reduce using rule 41 (action_def_body -> precond_def effects_def .)


state 132

    (45) effects_def -> EFFECT_KEY . LPAREN AND_KEY effects_lst RPAREN
    (46) effects_def -> EFFECT_KEY . effect
    (53) effect -> . literal
    (54) effect -> . LPAREN AND_KEY literals_lst RPAREN
    (55) effect -> . LPAREN PROBABILISTIC_KEY probability_lst RPAREN
    (56) effect -> . LPAREN WHEN_KEY literal literal RPAREN
    (57) effect -> . LPAREN WHEN_KEY literal LPAREN PROBABILISTIC_KEY probability_lst RPAREN RPAREN
    (58) effect -> . LPAREN WHEN_KEY LPAREN AND_KEY literals_lst RPAREN LPAREN AND_KEY literals_lst RPAREN RPAREN
    (59) effect -> . LPAREN WHEN_KEY LPAREN AND_KEY literals_lst RPAREN LPAREN PROBABILISTIC_KEY probability_lst RPAREN RPAREN
    (62) literal -> . LPAREN NOT_KEY predicate RPAREN
    (63) literal -> . predicate
    (64) literal -> . LPAREN INCREASE REWARD REWARD_VALUE RPAREN
    (65) literal -> . ground_predicate
    (66) literal -> . LPAREN NOT_KEY ground_predicate RPAREN
    (69) predicate -> . LPAREN NAME variables_lst RPAREN
    (70) predicate -> . LPAREN EQUALS VARIABLE VARIABLE RPAREN
    (71) predicate -> . LPAREN NAME RPAREN
    (73) ground_predicate -> . LPAREN NAME constants_lst RPAREN
    (74) ground_predicate -> . LPAREN NAME RPAREN

    LPAREN          shift and go to state 144

    effect                         shift and go to state 145
    literal                        shift and go to state 146
    predicate                      shift and go to state 135
    ground_predicate               shift and go to state 136

state 133

    (42) precond_def -> PRECONDITION_KEY LPAREN . AND_KEY literals_lst RPAREN
    (43) precond_def -> PRECONDITION_KEY LPAREN . OR_KEY literals_lst RPAREN
    (62) literal -> LPAREN . NOT_KEY predicate RPAREN
    (64) literal -> LPAREN . INCREASE REWARD REWARD_VALUE RPAREN
    (66) literal -> LPAREN . NOT_KEY ground_predicate RPAREN
    (69) predicate -> LPAREN . NAME variables_lst RPAREN
    (70) predicate -> LPAREN . EQUALS VARIABLE VARIABLE RPAREN
    (71) predicate -> LPAREN . NAME RPAREN
    (73) ground_predicate -> LPAREN . NAME constants_lst RPAREN
    (74) ground_predicate -> LPAREN . NAME RPAREN

    AND_KEY         shift and go to state 147
    OR_KEY          shift and go to state 148
    NOT_KEY         shift and go to state 149
    INCREASE        shift and go to state 150
    NAME            shift and go to state 151
    EQUALS          shift and go to state 152


state 134

    (44) precond_def -> PRECONDITION_KEY literal .

    EFFECT_KEY      reduce using rule 44 (precond_def -> PRECONDITION_KEY literal .)


state 135

    (63) literal -> predicate .

    EFFECT_KEY      reduce using rule 63 (literal -> predicate .)
    RPAREN          reduce using rule 63 (literal -> predicate .)
    LPAREN          reduce using rule 63 (literal -> predicate .)
    PROBABILITY     reduce using rule 63 (literal -> predicate .)


state 136

    (65) literal -> ground_predicate .

    EFFECT_KEY      reduce using rule 65 (literal -> ground_predicate .)
    RPAREN          reduce using rule 65 (literal -> ground_predicate .)
    LPAREN          reduce using rule 65 (literal -> ground_predicate .)
    PROBABILITY     reduce using rule 65 (literal -> ground_predicate .)


state 137

    (39) parameters_def -> PARAMETERS_KEY LPAREN typed_variables_lst . RPAREN

    RPAREN          shift and go to state 153


state 138

    (40) parameters_def -> PARAMETERS_KEY LPAREN RPAREN .

    PRECONDITION_KEY reduce using rule 40 (parameters_def -> PARAMETERS_KEY LPAREN RPAREN .)


state 139

    (11) init_def -> LPAREN INIT_KEY LPAREN AND_KEY ground_predicates_lst RPAREN RPAREN .

    LPAREN          reduce using rule 11 (init_def -> LPAREN INIT_KEY LPAREN AND_KEY ground_predicates_lst RPAREN RPAREN .)


state 140

    (13) goal_def -> LPAREN GOAL_KEY LPAREN AND_KEY ground_predicates_lst RPAREN . RPAREN

    RPAREN          shift and go to state 154


state 141

    (77) typed_variables_lst -> variables_lst HYPHEN type typed_variables_lst .

    RPAREN          reduce using rule 77 (typed_variables_lst -> variables_lst HYPHEN type typed_variables_lst .)


state 142

    (32) constraints_def -> LPAREN CONSTRAINTS_KEY LPAREN AND_KEY constraints_lst RPAREN RPAREN .

    LPAREN          reduce using rule 32 (constraints_def -> LPAREN CONSTRAINTS_KEY LPAREN AND_KEY constraints_lst RPAREN RPAREN .)


state 143

    (31) constraint -> LPAREN FORALL_KEY LPAREN typed_variables_lst RPAREN . LPAREN ATMOSTONCE_KEY literal RPAREN RPAREN

    LPAREN          shift and go to state 155


state 144

    (45) effects_def -> EFFECT_KEY LPAREN . AND_KEY effects_lst RPAREN
    (54) effect -> LPAREN . AND_KEY literals_lst RPAREN
    (55) effect -> LPAREN . PROBABILISTIC_KEY probability_lst RPAREN
    (56) effect -> LPAREN . WHEN_KEY literal literal RPAREN
    (57) effect -> LPAREN . WHEN_KEY literal LPAREN PROBABILISTIC_KEY probability_lst RPAREN RPAREN
    (58) effect -> LPAREN . WHEN_KEY LPAREN AND_KEY literals_lst RPAREN LPAREN AND_KEY literals_lst RPAREN RPAREN
    (59) effect -> LPAREN . WHEN_KEY LPAREN AND_KEY literals_lst RPAREN LPAREN PROBABILISTIC_KEY probability_lst RPAREN RPAREN
    (62) literal -> LPAREN . NOT_KEY predicate RPAREN
    (64) literal -> LPAREN . INCREASE REWARD REWARD_VALUE RPAREN
    (66) literal -> LPAREN . NOT_KEY ground_predicate RPAREN
    (69) predicate -> LPAREN . NAME variables_lst RPAREN
    (70) predicate -> LPAREN . EQUALS VARIABLE VARIABLE RPAREN
    (71) predicate -> LPAREN . NAME RPAREN
    (73) ground_predicate -> LPAREN . NAME constants_lst RPAREN
    (74) ground_predicate -> LPAREN . NAME RPAREN

    AND_KEY         shift and go to state 156
    PROBABILISTIC_KEY shift and go to state 157
    WHEN_KEY        shift and go to state 158
    NOT_KEY         shift and go to state 149
    INCREASE        shift and go to state 150
    NAME            shift and go to state 151
    EQUALS          shift and go to state 152


state 145

    (46) effects_def -> EFFECT_KEY effect .

    RPAREN          reduce using rule 46 (effects_def -> EFFECT_KEY effect .)


state 146

    (53) effect -> literal .

    RPAREN          reduce using rule 53 (effect -> literal .)
    LPAREN          reduce using rule 53 (effect -> literal .)


state 147

    (42) precond_def -> PRECONDITION_KEY LPAREN AND_KEY . literals_lst RPAREN
    (60) literals_lst -> . literal literals_lst
    (61) literals_lst -> . literal
    (62) literal -> . LPAREN NOT_KEY predicate RPAREN
    (63) literal -> . predicate
    (64) literal -> . LPAREN INCREASE REWARD REWARD_VALUE RPAREN
    (65) literal -> . ground_predicate
    (66) literal -> . LPAREN NOT_KEY ground_predicate RPAREN
    (69) predicate -> . LPAREN NAME variables_lst RPAREN
    (70) predicate -> . LPAREN EQUALS VARIABLE VARIABLE RPAREN
    (71) predicate -> . LPAREN NAME RPAREN
    (73) ground_predicate -> . LPAREN NAME constants_lst RPAREN
    (74) ground_predicate -> . LPAREN NAME RPAREN

    LPAREN          shift and go to state 159

    literals_lst                   shift and go to state 160
    literal                        shift and go to state 161
    predicate                      shift and go to state 135
    ground_predicate               shift and go to state 136

state 148

    (43) precond_def -> PRECONDITION_KEY LPAREN OR_KEY . literals_lst RPAREN
    (60) literals_lst -> . literal literals_lst
    (61) literals_lst -> . literal
    (62) literal -> . LPAREN NOT_KEY predicate RPAREN
    (63) literal -> . predicate
    (64) literal -> . LPAREN INCREASE REWARD REWARD_VALUE RPAREN
    (65) literal -> . ground_predicate
    (66) literal -> . LPAREN NOT_KEY ground_predicate RPAREN
    (69) predicate -> . LPAREN NAME variables_lst RPAREN
    (70) predicate -> . LPAREN EQUALS VARIABLE VARIABLE RPAREN
    (71) predicate -> . LPAREN NAME RPAREN
    (73) ground_predicate -> . LPAREN NAME constants_lst RPAREN
    (74) ground_predicate -> . LPAREN NAME RPAREN

    LPAREN          shift and go to state 159

    literals_lst                   shift and go to state 162
    literal                        shift and go to state 161
    predicate                      shift and go to state 135
    ground_predicate               shift and go to state 136

state 149

    (62) literal -> LPAREN NOT_KEY . predicate RPAREN
    (66) literal -> LPAREN NOT_KEY . ground_predicate RPAREN
    (69) predicate -> . LPAREN NAME variables_lst RPAREN
    (70) predicate -> . LPAREN EQUALS VARIABLE VARIABLE RPAREN
    (71) predicate -> . LPAREN NAME RPAREN
    (73) ground_predicate -> . LPAREN NAME constants_lst RPAREN
    (74) ground_predicate -> . LPAREN NAME RPAREN

    LPAREN          shift and go to state 163

    predicate                      shift and go to state 164
    ground_predicate               shift and go to state 165

state 150

    (64) literal -> LPAREN INCREASE . REWARD REWARD_VALUE RPAREN

    REWARD          shift and go to state 166


state 151

    (69) predicate -> LPAREN NAME . variables_lst RPAREN
    (71) predicate -> LPAREN NAME . RPAREN
    (73) ground_predicate -> LPAREN NAME . constants_lst RPAREN
    (74) ground_predicate -> LPAREN NAME . RPAREN
    (81) variables_lst -> . VARIABLE variables_lst
    (82) variables_lst -> . VARIABLE
    (79) constants_lst -> . constant constants_lst
    (80) constants_lst -> . constant
    (86) constant -> . NAME

    RPAREN          shift and go to state 168
    VARIABLE        shift and go to state 99
    NAME            shift and go to state 53

    variables_lst                  shift and go to state 167
    constants_lst                  shift and go to state 109
    constant                       shift and go to state 52

state 152

    (70) predicate -> LPAREN EQUALS . VARIABLE VARIABLE RPAREN

    VARIABLE        shift and go to state 169


state 153

    (39) parameters_def -> PARAMETERS_KEY LPAREN typed_variables_lst RPAREN .

    PRECONDITION_KEY reduce using rule 39 (parameters_def -> PARAMETERS_KEY LPAREN typed_variables_lst RPAREN .)


state 154

    (13) goal_def -> LPAREN GOAL_KEY LPAREN AND_KEY ground_predicates_lst RPAREN RPAREN .

    RPAREN          reduce using rule 13 (goal_def -> LPAREN GOAL_KEY LPAREN AND_KEY ground_predicates_lst RPAREN RPAREN .)


state 155

    (31) constraint -> LPAREN FORALL_KEY LPAREN typed_variables_lst RPAREN LPAREN . ATMOSTONCE_KEY literal RPAREN RPAREN

    ATMOSTONCE_KEY  shift and go to state 170


state 156

    (45) effects_def -> EFFECT_KEY LPAREN AND_KEY . effects_lst RPAREN
    (54) effect -> LPAREN AND_KEY . literals_lst RPAREN
    (47) effects_lst -> . effect effects_lst
    (48) effects_lst -> . effect
    (60) literals_lst -> . literal literals_lst
    (61) literals_lst -> . literal
    (53) effect -> . literal
    (54) effect -> . LPAREN AND_KEY literals_lst RPAREN
    (55) effect -> . LPAREN PROBABILISTIC_KEY probability_lst RPAREN
    (56) effect -> . LPAREN WHEN_KEY literal literal RPAREN
    (57) effect -> . LPAREN WHEN_KEY literal LPAREN PROBABILISTIC_KEY probability_lst RPAREN RPAREN
    (58) effect -> . LPAREN WHEN_KEY LPAREN AND_KEY literals_lst RPAREN LPAREN AND_KEY literals_lst RPAREN RPAREN
    (59) effect -> . LPAREN WHEN_KEY LPAREN AND_KEY literals_lst RPAREN LPAREN PROBABILISTIC_KEY probability_lst RPAREN RPAREN
    (62) literal -> . LPAREN NOT_KEY predicate RPAREN
    (63) literal -> . predicate
    (64) literal -> . LPAREN INCREASE REWARD REWARD_VALUE RPAREN
    (65) literal -> . ground_predicate
    (66) literal -> . LPAREN NOT_KEY ground_predicate RPAREN
    (69) predicate -> . LPAREN NAME variables_lst RPAREN
    (70) predicate -> . LPAREN EQUALS VARIABLE VARIABLE RPAREN
    (71) predicate -> . LPAREN NAME RPAREN
    (73) ground_predicate -> . LPAREN NAME constants_lst RPAREN
    (74) ground_predicate -> . LPAREN NAME RPAREN

    LPAREN          shift and go to state 171

    effects_lst                    shift and go to state 172
    literals_lst                   shift and go to state 173
    effect                         shift and go to state 174
    literal                        shift and go to state 175
    predicate                      shift and go to state 135
    ground_predicate               shift and go to state 136

state 157

    (55) effect -> LPAREN PROBABILISTIC_KEY . probability_lst RPAREN
    (49) probability_lst -> . PROBABILITY literal
    (50) probability_lst -> . PROBABILITY literal probability_lst
    (51) probability_lst -> . PROBABILITY LPAREN AND_KEY literals_lst RPAREN
    (52) probability_lst -> . PROBABILITY LPAREN AND_KEY literals_lst RPAREN probability_lst

    PROBABILITY     shift and go to state 177

    probability_lst                shift and go to state 176

state 158

    (56) effect -> LPAREN WHEN_KEY . literal literal RPAREN
    (57) effect -> LPAREN WHEN_KEY . literal LPAREN PROBABILISTIC_KEY probability_lst RPAREN RPAREN
    (58) effect -> LPAREN WHEN_KEY . LPAREN AND_KEY literals_lst RPAREN LPAREN AND_KEY literals_lst RPAREN RPAREN
    (59) effect -> LPAREN WHEN_KEY . LPAREN AND_KEY literals_lst RPAREN LPAREN PROBABILISTIC_KEY probability_lst RPAREN RPAREN
    (62) literal -> . LPAREN NOT_KEY predicate RPAREN
    (63) literal -> . predicate
    (64) literal -> . LPAREN INCREASE REWARD REWARD_VALUE RPAREN
    (65) literal -> . ground_predicate
    (66) literal -> . LPAREN NOT_KEY ground_predicate RPAREN
    (69) predicate -> . LPAREN NAME variables_lst RPAREN
    (70) predicate -> . LPAREN EQUALS VARIABLE VARIABLE RPAREN
    (71) predicate -> . LPAREN NAME RPAREN
    (73) ground_predicate -> . LPAREN NAME constants_lst RPAREN
    (74) ground_predicate -> . LPAREN NAME RPAREN

    LPAREN          shift and go to state 178

    literal                        shift and go to state 179
    predicate                      shift and go to state 135
    ground_predicate               shift and go to state 136

state 159

    (62) literal -> LPAREN . NOT_KEY predicate RPAREN
    (64) literal -> LPAREN . INCREASE REWARD REWARD_VALUE RPAREN
    (66) literal -> LPAREN . NOT_KEY ground_predicate RPAREN
    (69) predicate -> LPAREN . NAME variables_lst RPAREN
    (70) predicate -> LPAREN . EQUALS VARIABLE VARIABLE RPAREN
    (71) predicate -> LPAREN . NAME RPAREN
    (73) ground_predicate -> LPAREN . NAME constants_lst RPAREN
    (74) ground_predicate -> LPAREN . NAME RPAREN

    NOT_KEY         shift and go to state 149
    INCREASE        shift and go to state 150
    NAME            shift and go to state 151
    EQUALS          shift and go to state 152


state 160

    (42) precond_def -> PRECONDITION_KEY LPAREN AND_KEY literals_lst . RPAREN

    RPAREN          shift and go to state 180


state 161

    (60) literals_lst -> literal . literals_lst
    (61) literals_lst -> literal .
    (60) literals_lst -> . literal literals_lst
    (61) literals_lst -> . literal
    (62) literal -> . LPAREN NOT_KEY predicate RPAREN
    (63) literal -> . predicate
    (64) literal -> . LPAREN INCREASE REWARD REWARD_VALUE RPAREN
    (65) literal -> . ground_predicate
    (66) literal -> . LPAREN NOT_KEY ground_predicate RPAREN
    (69) predicate -> . LPAREN NAME variables_lst RPAREN
    (70) predicate -> . LPAREN EQUALS VARIABLE VARIABLE RPAREN
    (71) predicate -> . LPAREN NAME RPAREN
    (73) ground_predicate -> . LPAREN NAME constants_lst RPAREN
    (74) ground_predicate -> . LPAREN NAME RPAREN

    RPAREN          reduce using rule 61 (literals_lst -> literal .)
    LPAREN          shift and go to state 159

    literal                        shift and go to state 161
    literals_lst                   shift and go to state 181
    predicate                      shift and go to state 135
    ground_predicate               shift and go to state 136

state 162

    (43) precond_def -> PRECONDITION_KEY LPAREN OR_KEY literals_lst . RPAREN

    RPAREN          shift and go to state 182


state 163

    (69) predicate -> LPAREN . NAME variables_lst RPAREN
    (70) predicate -> LPAREN . EQUALS VARIABLE VARIABLE RPAREN
    (71) predicate -> LPAREN . NAME RPAREN
    (73) ground_predicate -> LPAREN . NAME constants_lst RPAREN
    (74) ground_predicate -> LPAREN . NAME RPAREN

    NAME            shift and go to state 151
    EQUALS          shift and go to state 152


state 164

    (62) literal -> LPAREN NOT_KEY predicate . RPAREN

    RPAREN          shift and go to state 183


state 165

    (66) literal -> LPAREN NOT_KEY ground_predicate . RPAREN

    RPAREN          shift and go to state 184


state 166

    (64) literal -> LPAREN INCREASE REWARD . REWARD_VALUE RPAREN

    REWARD_VALUE    shift and go to state 185


state 167

    (69) predicate -> LPAREN NAME variables_lst . RPAREN

    RPAREN          shift and go to state 186


state 168

    (71) predicate -> LPAREN NAME RPAREN .
    (74) ground_predicate -> LPAREN NAME RPAREN .

  ! reduce/reduce conflict for EFFECT_KEY resolved using rule 71 (predicate -> LPAREN NAME RPAREN .)
  ! reduce/reduce conflict for RPAREN resolved using rule 71 (predicate -> LPAREN NAME RPAREN .)
  ! reduce/reduce conflict for LPAREN resolved using rule 71 (predicate -> LPAREN NAME RPAREN .)
  ! reduce/reduce conflict for PROBABILITY resolved using rule 71 (predicate -> LPAREN NAME RPAREN .)
    EFFECT_KEY      reduce using rule 71 (predicate -> LPAREN NAME RPAREN .)
    RPAREN          reduce using rule 71 (predicate -> LPAREN NAME RPAREN .)
    LPAREN          reduce using rule 71 (predicate -> LPAREN NAME RPAREN .)
    PROBABILITY     reduce using rule 71 (predicate -> LPAREN NAME RPAREN .)

  ! EFFECT_KEY      [ reduce using rule 74 (ground_predicate -> LPAREN NAME RPAREN .) ]
  ! RPAREN          [ reduce using rule 74 (ground_predicate -> LPAREN NAME RPAREN .) ]
  ! LPAREN          [ reduce using rule 74 (ground_predicate -> LPAREN NAME RPAREN .) ]
  ! PROBABILITY     [ reduce using rule 74 (ground_predicate -> LPAREN NAME RPAREN .) ]


state 169

    (70) predicate -> LPAREN EQUALS VARIABLE . VARIABLE RPAREN

    VARIABLE        shift and go to state 187


state 170

    (31) constraint -> LPAREN FORALL_KEY LPAREN typed_variables_lst RPAREN LPAREN ATMOSTONCE_KEY . literal RPAREN RPAREN
    (62) literal -> . LPAREN NOT_KEY predicate RPAREN
    (63) literal -> . predicate
    (64) literal -> . LPAREN INCREASE REWARD REWARD_VALUE RPAREN
    (65) literal -> . ground_predicate
    (66) literal -> . LPAREN NOT_KEY ground_predicate RPAREN
    (69) predicate -> . LPAREN NAME variables_lst RPAREN
    (70) predicate -> . LPAREN EQUALS VARIABLE VARIABLE RPAREN
    (71) predicate -> . LPAREN NAME RPAREN
    (73) ground_predicate -> . LPAREN NAME constants_lst RPAREN
    (74) ground_predicate -> . LPAREN NAME RPAREN

    LPAREN          shift and go to state 159

    literal                        shift and go to state 188
    predicate                      shift and go to state 135
    ground_predicate               shift and go to state 136

state 171

    (54) effect -> LPAREN . AND_KEY literals_lst RPAREN
    (55) effect -> LPAREN . PROBABILISTIC_KEY probability_lst RPAREN
    (56) effect -> LPAREN . WHEN_KEY literal literal RPAREN
    (57) effect -> LPAREN . WHEN_KEY literal LPAREN PROBABILISTIC_KEY probability_lst RPAREN RPAREN
    (58) effect -> LPAREN . WHEN_KEY LPAREN AND_KEY literals_lst RPAREN LPAREN AND_KEY literals_lst RPAREN RPAREN
    (59) effect -> LPAREN . WHEN_KEY LPAREN AND_KEY literals_lst RPAREN LPAREN PROBABILISTIC_KEY probability_lst RPAREN RPAREN
    (62) literal -> LPAREN . NOT_KEY predicate RPAREN
    (64) literal -> LPAREN . INCREASE REWARD REWARD_VALUE RPAREN
    (66) literal -> LPAREN . NOT_KEY ground_predicate RPAREN
    (69) predicate -> LPAREN . NAME variables_lst RPAREN
    (70) predicate -> LPAREN . EQUALS VARIABLE VARIABLE RPAREN
    (71) predicate -> LPAREN . NAME RPAREN
    (73) ground_predicate -> LPAREN . NAME constants_lst RPAREN
    (74) ground_predicate -> LPAREN . NAME RPAREN

    AND_KEY         shift and go to state 189
    PROBABILISTIC_KEY shift and go to state 157
    WHEN_KEY        shift and go to state 158
    NOT_KEY         shift and go to state 149
    INCREASE        shift and go to state 150
    NAME            shift and go to state 151
    EQUALS          shift and go to state 152


state 172

    (45) effects_def -> EFFECT_KEY LPAREN AND_KEY effects_lst . RPAREN

    RPAREN          shift and go to state 190


state 173

    (54) effect -> LPAREN AND_KEY literals_lst . RPAREN

    RPAREN          shift and go to state 191


state 174

    (47) effects_lst -> effect . effects_lst
    (48) effects_lst -> effect .
    (47) effects_lst -> . effect effects_lst
    (48) effects_lst -> . effect
    (53) effect -> . literal
    (54) effect -> . LPAREN AND_KEY literals_lst RPAREN
    (55) effect -> . LPAREN PROBABILISTIC_KEY probability_lst RPAREN
    (56) effect -> . LPAREN WHEN_KEY literal literal RPAREN
    (57) effect -> . LPAREN WHEN_KEY literal LPAREN PROBABILISTIC_KEY probability_lst RPAREN RPAREN
    (58) effect -> . LPAREN WHEN_KEY LPAREN AND_KEY literals_lst RPAREN LPAREN AND_KEY literals_lst RPAREN RPAREN
    (59) effect -> . LPAREN WHEN_KEY LPAREN AND_KEY literals_lst RPAREN LPAREN PROBABILISTIC_KEY probability_lst RPAREN RPAREN
    (62) literal -> . LPAREN NOT_KEY predicate RPAREN
    (63) literal -> . predicate
    (64) literal -> . LPAREN INCREASE REWARD REWARD_VALUE RPAREN
    (65) literal -> . ground_predicate
    (66) literal -> . LPAREN NOT_KEY ground_predicate RPAREN
    (69) predicate -> . LPAREN NAME variables_lst RPAREN
    (70) predicate -> . LPAREN EQUALS VARIABLE VARIABLE RPAREN
    (71) predicate -> . LPAREN NAME RPAREN
    (73) ground_predicate -> . LPAREN NAME constants_lst RPAREN
    (74) ground_predicate -> . LPAREN NAME RPAREN

    RPAREN          reduce using rule 48 (effects_lst -> effect .)
    LPAREN          shift and go to state 171

    effect                         shift and go to state 174
    effects_lst                    shift and go to state 192
    literal                        shift and go to state 146
    predicate                      shift and go to state 135
    ground_predicate               shift and go to state 136

state 175

    (60) literals_lst -> literal . literals_lst
    (61) literals_lst -> literal .
    (53) effect -> literal .
    (60) literals_lst -> . literal literals_lst
    (61) literals_lst -> . literal
    (62) literal -> . LPAREN NOT_KEY predicate RPAREN
    (63) literal -> . predicate
    (64) literal -> . LPAREN INCREASE REWARD REWARD_VALUE RPAREN
    (65) literal -> . ground_predicate
    (66) literal -> . LPAREN NOT_KEY ground_predicate RPAREN
    (69) predicate -> . LPAREN NAME variables_lst RPAREN
    (70) predicate -> . LPAREN EQUALS VARIABLE VARIABLE RPAREN
    (71) predicate -> . LPAREN NAME RPAREN
    (73) ground_predicate -> . LPAREN NAME constants_lst RPAREN
    (74) ground_predicate -> . LPAREN NAME RPAREN

  ! reduce/reduce conflict for RPAREN resolved using rule 53 (effect -> literal .)
  ! shift/reduce conflict for LPAREN resolved as shift
    RPAREN          reduce using rule 53 (effect -> literal .)
    LPAREN          shift and go to state 159

  ! RPAREN          [ reduce using rule 61 (literals_lst -> literal .) ]
  ! LPAREN          [ reduce using rule 53 (effect -> literal .) ]

    literal                        shift and go to state 161
    literals_lst                   shift and go to state 181
    predicate                      shift and go to state 135
    ground_predicate               shift and go to state 136

state 176

    (55) effect -> LPAREN PROBABILISTIC_KEY probability_lst . RPAREN

    RPAREN          shift and go to state 193


state 177

    (49) probability_lst -> PROBABILITY . literal
    (50) probability_lst -> PROBABILITY . literal probability_lst
    (51) probability_lst -> PROBABILITY . LPAREN AND_KEY literals_lst RPAREN
    (52) probability_lst -> PROBABILITY . LPAREN AND_KEY literals_lst RPAREN probability_lst
    (62) literal -> . LPAREN NOT_KEY predicate RPAREN
    (63) literal -> . predicate
    (64) literal -> . LPAREN INCREASE REWARD REWARD_VALUE RPAREN
    (65) literal -> . ground_predicate
    (66) literal -> . LPAREN NOT_KEY ground_predicate RPAREN
    (69) predicate -> . LPAREN NAME variables_lst RPAREN
    (70) predicate -> . LPAREN EQUALS VARIABLE VARIABLE RPAREN
    (71) predicate -> . LPAREN NAME RPAREN
    (73) ground_predicate -> . LPAREN NAME constants_lst RPAREN
    (74) ground_predicate -> . LPAREN NAME RPAREN

    LPAREN          shift and go to state 195

    literal                        shift and go to state 194
    predicate                      shift and go to state 135
    ground_predicate               shift and go to state 136

state 178

    (58) effect -> LPAREN WHEN_KEY LPAREN . AND_KEY literals_lst RPAREN LPAREN AND_KEY literals_lst RPAREN RPAREN
    (59) effect -> LPAREN WHEN_KEY LPAREN . AND_KEY literals_lst RPAREN LPAREN PROBABILISTIC_KEY probability_lst RPAREN RPAREN
    (62) literal -> LPAREN . NOT_KEY predicate RPAREN
    (64) literal -> LPAREN . INCREASE REWARD REWARD_VALUE RPAREN
    (66) literal -> LPAREN . NOT_KEY ground_predicate RPAREN
    (69) predicate -> LPAREN . NAME variables_lst RPAREN
    (70) predicate -> LPAREN . EQUALS VARIABLE VARIABLE RPAREN
    (71) predicate -> LPAREN . NAME RPAREN
    (73) ground_predicate -> LPAREN . NAME constants_lst RPAREN
    (74) ground_predicate -> LPAREN . NAME RPAREN

    AND_KEY         shift and go to state 196
    NOT_KEY         shift and go to state 149
    INCREASE        shift and go to state 150
    NAME            shift and go to state 151
    EQUALS          shift and go to state 152


state 179

    (56) effect -> LPAREN WHEN_KEY literal . literal RPAREN
    (57) effect -> LPAREN WHEN_KEY literal . LPAREN PROBABILISTIC_KEY probability_lst RPAREN RPAREN
    (62) literal -> . LPAREN NOT_KEY predicate RPAREN
    (63) literal -> . predicate
    (64) literal -> . LPAREN INCREASE REWARD REWARD_VALUE RPAREN
    (65) literal -> . ground_predicate
    (66) literal -> . LPAREN NOT_KEY ground_predicate RPAREN
    (69) predicate -> . LPAREN NAME variables_lst RPAREN
    (70) predicate -> . LPAREN EQUALS VARIABLE VARIABLE RPAREN
    (71) predicate -> . LPAREN NAME RPAREN
    (73) ground_predicate -> . LPAREN NAME constants_lst RPAREN
    (74) ground_predicate -> . LPAREN NAME RPAREN

    LPAREN          shift and go to state 197

    literal                        shift and go to state 198
    predicate                      shift and go to state 135
    ground_predicate               shift and go to state 136

state 180

    (42) precond_def -> PRECONDITION_KEY LPAREN AND_KEY literals_lst RPAREN .

    EFFECT_KEY      reduce using rule 42 (precond_def -> PRECONDITION_KEY LPAREN AND_KEY literals_lst RPAREN .)


state 181

    (60) literals_lst -> literal literals_lst .

    RPAREN          reduce using rule 60 (literals_lst -> literal literals_lst .)


state 182

    (43) precond_def -> PRECONDITION_KEY LPAREN OR_KEY literals_lst RPAREN .

    EFFECT_KEY      reduce using rule 43 (precond_def -> PRECONDITION_KEY LPAREN OR_KEY literals_lst RPAREN .)


state 183

    (62) literal -> LPAREN NOT_KEY predicate RPAREN .

    EFFECT_KEY      reduce using rule 62 (literal -> LPAREN NOT_KEY predicate RPAREN .)
    RPAREN          reduce using rule 62 (literal -> LPAREN NOT_KEY predicate RPAREN .)
    LPAREN          reduce using rule 62 (literal -> LPAREN NOT_KEY predicate RPAREN .)
    PROBABILITY     reduce using rule 62 (literal -> LPAREN NOT_KEY predicate RPAREN .)


state 184

    (66) literal -> LPAREN NOT_KEY ground_predicate RPAREN .

    EFFECT_KEY      reduce using rule 66 (literal -> LPAREN NOT_KEY ground_predicate RPAREN .)
    RPAREN          reduce using rule 66 (literal -> LPAREN NOT_KEY ground_predicate RPAREN .)
    LPAREN          reduce using rule 66 (literal -> LPAREN NOT_KEY ground_predicate RPAREN .)
    PROBABILITY     reduce using rule 66 (literal -> LPAREN NOT_KEY ground_predicate RPAREN .)


state 185

    (64) literal -> LPAREN INCREASE REWARD REWARD_VALUE . RPAREN

    RPAREN          shift and go to state 199


state 186

    (69) predicate -> LPAREN NAME variables_lst RPAREN .

    EFFECT_KEY      reduce using rule 69 (predicate -> LPAREN NAME variables_lst RPAREN .)
    RPAREN          reduce using rule 69 (predicate -> LPAREN NAME variables_lst RPAREN .)
    LPAREN          reduce using rule 69 (predicate -> LPAREN NAME variables_lst RPAREN .)
    PROBABILITY     reduce using rule 69 (predicate -> LPAREN NAME variables_lst RPAREN .)


state 187

    (70) predicate -> LPAREN EQUALS VARIABLE VARIABLE . RPAREN

    RPAREN          shift and go to state 200


state 188

    (31) constraint -> LPAREN FORALL_KEY LPAREN typed_variables_lst RPAREN LPAREN ATMOSTONCE_KEY literal . RPAREN RPAREN

    RPAREN          shift and go to state 201


state 189

    (54) effect -> LPAREN AND_KEY . literals_lst RPAREN
    (60) literals_lst -> . literal literals_lst
    (61) literals_lst -> . literal
    (62) literal -> . LPAREN NOT_KEY predicate RPAREN
    (63) literal -> . predicate
    (64) literal -> . LPAREN INCREASE REWARD REWARD_VALUE RPAREN
    (65) literal -> . ground_predicate
    (66) literal -> . LPAREN NOT_KEY ground_predicate RPAREN
    (69) predicate -> . LPAREN NAME variables_lst RPAREN
    (70) predicate -> . LPAREN EQUALS VARIABLE VARIABLE RPAREN
    (71) predicate -> . LPAREN NAME RPAREN
    (73) ground_predicate -> . LPAREN NAME constants_lst RPAREN
    (74) ground_predicate -> . LPAREN NAME RPAREN

    LPAREN          shift and go to state 159

    literals_lst                   shift and go to state 173
    literal                        shift and go to state 161
    predicate                      shift and go to state 135
    ground_predicate               shift and go to state 136

state 190

    (45) effects_def -> EFFECT_KEY LPAREN AND_KEY effects_lst RPAREN .

    RPAREN          reduce using rule 45 (effects_def -> EFFECT_KEY LPAREN AND_KEY effects_lst RPAREN .)


state 191

    (54) effect -> LPAREN AND_KEY literals_lst RPAREN .

    RPAREN          reduce using rule 54 (effect -> LPAREN AND_KEY literals_lst RPAREN .)
    LPAREN          reduce using rule 54 (effect -> LPAREN AND_KEY literals_lst RPAREN .)


state 192

    (47) effects_lst -> effect effects_lst .

    RPAREN          reduce using rule 47 (effects_lst -> effect effects_lst .)


state 193

    (55) effect -> LPAREN PROBABILISTIC_KEY probability_lst RPAREN .

    RPAREN          reduce using rule 55 (effect -> LPAREN PROBABILISTIC_KEY probability_lst RPAREN .)
    LPAREN          reduce using rule 55 (effect -> LPAREN PROBABILISTIC_KEY probability_lst RPAREN .)


state 194

    (49) probability_lst -> PROBABILITY literal .
    (50) probability_lst -> PROBABILITY literal . probability_lst
    (49) probability_lst -> . PROBABILITY literal
    (50) probability_lst -> . PROBABILITY literal probability_lst
    (51) probability_lst -> . PROBABILITY LPAREN AND_KEY literals_lst RPAREN
    (52) probability_lst -> . PROBABILITY LPAREN AND_KEY literals_lst RPAREN probability_lst

    RPAREN          reduce using rule 49 (probability_lst -> PROBABILITY literal .)
    PROBABILITY     shift and go to state 177

    probability_lst                shift and go to state 202

state 195

    (51) probability_lst -> PROBABILITY LPAREN . AND_KEY literals_lst RPAREN
    (52) probability_lst -> PROBABILITY LPAREN . AND_KEY literals_lst RPAREN probability_lst
    (62) literal -> LPAREN . NOT_KEY predicate RPAREN
    (64) literal -> LPAREN . INCREASE REWARD REWARD_VALUE RPAREN
    (66) literal -> LPAREN . NOT_KEY ground_predicate RPAREN
    (69) predicate -> LPAREN . NAME variables_lst RPAREN
    (70) predicate -> LPAREN . EQUALS VARIABLE VARIABLE RPAREN
    (71) predicate -> LPAREN . NAME RPAREN
    (73) ground_predicate -> LPAREN . NAME constants_lst RPAREN
    (74) ground_predicate -> LPAREN . NAME RPAREN

    AND_KEY         shift and go to state 203
    NOT_KEY         shift and go to state 149
    INCREASE        shift and go to state 150
    NAME            shift and go to state 151
    EQUALS          shift and go to state 152


state 196

    (58) effect -> LPAREN WHEN_KEY LPAREN AND_KEY . literals_lst RPAREN LPAREN AND_KEY literals_lst RPAREN RPAREN
    (59) effect -> LPAREN WHEN_KEY LPAREN AND_KEY . literals_lst RPAREN LPAREN PROBABILISTIC_KEY probability_lst RPAREN RPAREN
    (60) literals_lst -> . literal literals_lst
    (61) literals_lst -> . literal
    (62) literal -> . LPAREN NOT_KEY predicate RPAREN
    (63) literal -> . predicate
    (64) literal -> . LPAREN INCREASE REWARD REWARD_VALUE RPAREN
    (65) literal -> . ground_predicate
    (66) literal -> . LPAREN NOT_KEY ground_predicate RPAREN
    (69) predicate -> . LPAREN NAME variables_lst RPAREN
    (70) predicate -> . LPAREN EQUALS VARIABLE VARIABLE RPAREN
    (71) predicate -> . LPAREN NAME RPAREN
    (73) ground_predicate -> . LPAREN NAME constants_lst RPAREN
    (74) ground_predicate -> . LPAREN NAME RPAREN

    LPAREN          shift and go to state 159

    literals_lst                   shift and go to state 204
    literal                        shift and go to state 161
    predicate                      shift and go to state 135
    ground_predicate               shift and go to state 136

state 197

    (57) effect -> LPAREN WHEN_KEY literal LPAREN . PROBABILISTIC_KEY probability_lst RPAREN RPAREN
    (62) literal -> LPAREN . NOT_KEY predicate RPAREN
    (64) literal -> LPAREN . INCREASE REWARD REWARD_VALUE RPAREN
    (66) literal -> LPAREN . NOT_KEY ground_predicate RPAREN
    (69) predicate -> LPAREN . NAME variables_lst RPAREN
    (70) predicate -> LPAREN . EQUALS VARIABLE VARIABLE RPAREN
    (71) predicate -> LPAREN . NAME RPAREN
    (73) ground_predicate -> LPAREN . NAME constants_lst RPAREN
    (74) ground_predicate -> LPAREN . NAME RPAREN

    PROBABILISTIC_KEY shift and go to state 205
    NOT_KEY         shift and go to state 149
    INCREASE        shift and go to state 150
    NAME            shift and go to state 151
    EQUALS          shift and go to state 152


state 198

    (56) effect -> LPAREN WHEN_KEY literal literal . RPAREN

    RPAREN          shift and go to state 206


state 199

    (64) literal -> LPAREN INCREASE REWARD REWARD_VALUE RPAREN .

    EFFECT_KEY      reduce using rule 64 (literal -> LPAREN INCREASE REWARD REWARD_VALUE RPAREN .)
    RPAREN          reduce using rule 64 (literal -> LPAREN INCREASE REWARD REWARD_VALUE RPAREN .)
    LPAREN          reduce using rule 64 (literal -> LPAREN INCREASE REWARD REWARD_VALUE RPAREN .)
    PROBABILITY     reduce using rule 64 (literal -> LPAREN INCREASE REWARD REWARD_VALUE RPAREN .)


state 200

    (70) predicate -> LPAREN EQUALS VARIABLE VARIABLE RPAREN .

    EFFECT_KEY      reduce using rule 70 (predicate -> LPAREN EQUALS VARIABLE VARIABLE RPAREN .)
    RPAREN          reduce using rule 70 (predicate -> LPAREN EQUALS VARIABLE VARIABLE RPAREN .)
    LPAREN          reduce using rule 70 (predicate -> LPAREN EQUALS VARIABLE VARIABLE RPAREN .)
    PROBABILITY     reduce using rule 70 (predicate -> LPAREN EQUALS VARIABLE VARIABLE RPAREN .)


state 201

    (31) constraint -> LPAREN FORALL_KEY LPAREN typed_variables_lst RPAREN LPAREN ATMOSTONCE_KEY literal RPAREN . RPAREN

    RPAREN          shift and go to state 207


state 202

    (50) probability_lst -> PROBABILITY literal probability_lst .

    RPAREN          reduce using rule 50 (probability_lst -> PROBABILITY literal probability_lst .)


state 203

    (51) probability_lst -> PROBABILITY LPAREN AND_KEY . literals_lst RPAREN
    (52) probability_lst -> PROBABILITY LPAREN AND_KEY . literals_lst RPAREN probability_lst
    (60) literals_lst -> . literal literals_lst
    (61) literals_lst -> . literal
    (62) literal -> . LPAREN NOT_KEY predicate RPAREN
    (63) literal -> . predicate
    (64) literal -> . LPAREN INCREASE REWARD REWARD_VALUE RPAREN
    (65) literal -> . ground_predicate
    (66) literal -> . LPAREN NOT_KEY ground_predicate RPAREN
    (69) predicate -> . LPAREN NAME variables_lst RPAREN
    (70) predicate -> . LPAREN EQUALS VARIABLE VARIABLE RPAREN
    (71) predicate -> . LPAREN NAME RPAREN
    (73) ground_predicate -> . LPAREN NAME constants_lst RPAREN
    (74) ground_predicate -> . LPAREN NAME RPAREN

    LPAREN          shift and go to state 159

    literals_lst                   shift and go to state 208
    literal                        shift and go to state 161
    predicate                      shift and go to state 135
    ground_predicate               shift and go to state 136

state 204

    (58) effect -> LPAREN WHEN_KEY LPAREN AND_KEY literals_lst . RPAREN LPAREN AND_KEY literals_lst RPAREN RPAREN
    (59) effect -> LPAREN WHEN_KEY LPAREN AND_KEY literals_lst . RPAREN LPAREN PROBABILISTIC_KEY probability_lst RPAREN RPAREN

    RPAREN          shift and go to state 209


state 205

    (57) effect -> LPAREN WHEN_KEY literal LPAREN PROBABILISTIC_KEY . probability_lst RPAREN RPAREN
    (49) probability_lst -> . PROBABILITY literal
    (50) probability_lst -> . PROBABILITY literal probability_lst
    (51) probability_lst -> . PROBABILITY LPAREN AND_KEY literals_lst RPAREN
    (52) probability_lst -> . PROBABILITY LPAREN AND_KEY literals_lst RPAREN probability_lst

    PROBABILITY     shift and go to state 177

    probability_lst                shift and go to state 210

state 206

    (56) effect -> LPAREN WHEN_KEY literal literal RPAREN .

    RPAREN          reduce using rule 56 (effect -> LPAREN WHEN_KEY literal literal RPAREN .)
    LPAREN          reduce using rule 56 (effect -> LPAREN WHEN_KEY literal literal RPAREN .)


state 207

    (31) constraint -> LPAREN FORALL_KEY LPAREN typed_variables_lst RPAREN LPAREN ATMOSTONCE_KEY literal RPAREN RPAREN .

    RPAREN          reduce using rule 31 (constraint -> LPAREN FORALL_KEY LPAREN typed_variables_lst RPAREN LPAREN ATMOSTONCE_KEY literal RPAREN RPAREN .)
    LPAREN          reduce using rule 31 (constraint -> LPAREN FORALL_KEY LPAREN typed_variables_lst RPAREN LPAREN ATMOSTONCE_KEY literal RPAREN RPAREN .)


state 208

    (51) probability_lst -> PROBABILITY LPAREN AND_KEY literals_lst . RPAREN
    (52) probability_lst -> PROBABILITY LPAREN AND_KEY literals_lst . RPAREN probability_lst

    RPAREN          shift and go to state 211


state 209

    (58) effect -> LPAREN WHEN_KEY LPAREN AND_KEY literals_lst RPAREN . LPAREN AND_KEY literals_lst RPAREN RPAREN
    (59) effect -> LPAREN WHEN_KEY LPAREN AND_KEY literals_lst RPAREN . LPAREN PROBABILISTIC_KEY probability_lst RPAREN RPAREN

    LPAREN          shift and go to state 212


state 210

    (57) effect -> LPAREN WHEN_KEY literal LPAREN PROBABILISTIC_KEY probability_lst . RPAREN RPAREN

    RPAREN          shift and go to state 213


state 211

    (51) probability_lst -> PROBABILITY LPAREN AND_KEY literals_lst RPAREN .
    (52) probability_lst -> PROBABILITY LPAREN AND_KEY literals_lst RPAREN . probability_lst
    (49) probability_lst -> . PROBABILITY literal
    (50) probability_lst -> . PROBABILITY literal probability_lst
    (51) probability_lst -> . PROBABILITY LPAREN AND_KEY literals_lst RPAREN
    (52) probability_lst -> . PROBABILITY LPAREN AND_KEY literals_lst RPAREN probability_lst

    RPAREN          reduce using rule 51 (probability_lst -> PROBABILITY LPAREN AND_KEY literals_lst RPAREN .)
    PROBABILITY     shift and go to state 177

    probability_lst                shift and go to state 214

state 212

    (58) effect -> LPAREN WHEN_KEY LPAREN AND_KEY literals_lst RPAREN LPAREN . AND_KEY literals_lst RPAREN RPAREN
    (59) effect -> LPAREN WHEN_KEY LPAREN AND_KEY literals_lst RPAREN LPAREN . PROBABILISTIC_KEY probability_lst RPAREN RPAREN

    AND_KEY         shift and go to state 215
    PROBABILISTIC_KEY shift and go to state 216


state 213

    (57) effect -> LPAREN WHEN_KEY literal LPAREN PROBABILISTIC_KEY probability_lst RPAREN . RPAREN

    RPAREN          shift and go to state 217


state 214

    (52) probability_lst -> PROBABILITY LPAREN AND_KEY literals_lst RPAREN probability_lst .

    RPAREN          reduce using rule 52 (probability_lst -> PROBABILITY LPAREN AND_KEY literals_lst RPAREN probability_lst .)


state 215

    (58) effect -> LPAREN WHEN_KEY LPAREN AND_KEY literals_lst RPAREN LPAREN AND_KEY . literals_lst RPAREN RPAREN
    (60) literals_lst -> . literal literals_lst
    (61) literals_lst -> . literal
    (62) literal -> . LPAREN NOT_KEY predicate RPAREN
    (63) literal -> . predicate
    (64) literal -> . LPAREN INCREASE REWARD REWARD_VALUE RPAREN
    (65) literal -> . ground_predicate
    (66) literal -> . LPAREN NOT_KEY ground_predicate RPAREN
    (69) predicate -> . LPAREN NAME variables_lst RPAREN
    (70) predicate -> . LPAREN EQUALS VARIABLE VARIABLE RPAREN
    (71) predicate -> . LPAREN NAME RPAREN
    (73) ground_predicate -> . LPAREN NAME constants_lst RPAREN
    (74) ground_predicate -> . LPAREN NAME RPAREN

    LPAREN          shift and go to state 159

    literals_lst                   shift and go to state 218
    literal                        shift and go to state 161
    predicate                      shift and go to state 135
    ground_predicate               shift and go to state 136

state 216

    (59) effect -> LPAREN WHEN_KEY LPAREN AND_KEY literals_lst RPAREN LPAREN PROBABILISTIC_KEY . probability_lst RPAREN RPAREN
    (49) probability_lst -> . PROBABILITY literal
    (50) probability_lst -> . PROBABILITY literal probability_lst
    (51) probability_lst -> . PROBABILITY LPAREN AND_KEY literals_lst RPAREN
    (52) probability_lst -> . PROBABILITY LPAREN AND_KEY literals_lst RPAREN probability_lst

    PROBABILITY     shift and go to state 177

    probability_lst                shift and go to state 219

state 217

    (57) effect -> LPAREN WHEN_KEY literal LPAREN PROBABILISTIC_KEY probability_lst RPAREN RPAREN .

    RPAREN          reduce using rule 57 (effect -> LPAREN WHEN_KEY literal LPAREN PROBABILISTIC_KEY probability_lst RPAREN RPAREN .)
    LPAREN          reduce using rule 57 (effect -> LPAREN WHEN_KEY literal LPAREN PROBABILISTIC_KEY probability_lst RPAREN RPAREN .)


state 218

    (58) effect -> LPAREN WHEN_KEY LPAREN AND_KEY literals_lst RPAREN LPAREN AND_KEY literals_lst . RPAREN RPAREN

    RPAREN          shift and go to state 220


state 219

    (59) effect -> LPAREN WHEN_KEY LPAREN AND_KEY literals_lst RPAREN LPAREN PROBABILISTIC_KEY probability_lst . RPAREN RPAREN

    RPAREN          shift and go to state 221


state 220

    (58) effect -> LPAREN WHEN_KEY LPAREN AND_KEY literals_lst RPAREN LPAREN AND_KEY literals_lst RPAREN . RPAREN

    RPAREN          shift and go to state 222


state 221

    (59) effect -> LPAREN WHEN_KEY LPAREN AND_KEY literals_lst RPAREN LPAREN PROBABILISTIC_KEY probability_lst RPAREN . RPAREN

    RPAREN          shift and go to state 223


state 222

    (58) effect -> LPAREN WHEN_KEY LPAREN AND_KEY literals_lst RPAREN LPAREN AND_KEY literals_lst RPAREN RPAREN .

    RPAREN          reduce using rule 58 (effect -> LPAREN WHEN_KEY LPAREN AND_KEY literals_lst RPAREN LPAREN AND_KEY literals_lst RPAREN RPAREN .)
    LPAREN          reduce using rule 58 (effect -> LPAREN WHEN_KEY LPAREN AND_KEY literals_lst RPAREN LPAREN AND_KEY literals_lst RPAREN RPAREN .)


state 223

    (59) effect -> LPAREN WHEN_KEY LPAREN AND_KEY literals_lst RPAREN LPAREN PROBABILISTIC_KEY probability_lst RPAREN RPAREN .

    RPAREN          reduce using rule 59 (effect -> LPAREN WHEN_KEY LPAREN AND_KEY literals_lst RPAREN LPAREN PROBABILISTIC_KEY probability_lst RPAREN RPAREN .)
    LPAREN          reduce using rule 59 (effect -> LPAREN WHEN_KEY LPAREN AND_KEY literals_lst RPAREN LPAREN PROBABILISTIC_KEY probability_lst RPAREN RPAREN .)

WARNING: 
WARNING: Conflicts:
WARNING: 
WARNING: shift/reduce conflict for LPAREN in state 175 resolved as shift
WARNING: reduce/reduce conflict in state 168 resolved using rule (predicate -> LPAREN NAME RPAREN)
WARNING: rejected rule (ground_predicate -> LPAREN NAME RPAREN) in state 168
WARNING: reduce/reduce conflict in state 175 resolved using rule (effect -> literal)
WARNING: rejected rule (literals_lst -> literal) in state 175
